[10:30:04] [FATAL] - @ 'TransactionHistory' File not found: data/TransactionHistory.dat (No such file or directory)
[11:29:53] [FATAL] - @ 'Client' IOException | ClassNotFoundException: mateourrutia.Domain.SavingsAccount; local class incompatible: stream classdesc serialVersionUID = 8725231526244587601, local class serialVersionUID = 5359364007752919021
[11:30:05] [FATAL] - @ 'Client' File not found: data/Client.dat (No such file or directory)
[11:30:07] [FATAL] - @ 'Client' File not found: data/Client.dat (No such file or directory)
[11:30:08] [FATAL] - @ 'Client' File not found: data/Client.dat (No such file or directory)
[11:30:08] [FATAL] - @ 'Client' File not found: data/Client.dat (No such file or directory)
[11:30:08] [INFO] - @ 'Client' Object saved
[11:30:08] [SUCCESS] - @ 'Client' Object with id: '3583282e-50cd-49a8-8da2-bbf85e3cbb1a' added.
[11:30:16] [INFO] - @ 'Client' Object saved
[11:30:16] [SUCCESS] - @ 'Client' Updated object with id '3583282e-50cd-49a8-8da2-bbf85e3cbb1a'
[11:30:17] [INFO] - @ 'Client' Object saved
[11:30:17] [SUCCESS] - @ 'Client' Updated object with id '3583282e-50cd-49a8-8da2-bbf85e3cbb1a'
[11:30:19] [INFO] - @ 'Client' Object saved
[11:30:19] [SUCCESS] - @ 'Client' Updated object with id '3583282e-50cd-49a8-8da2-bbf85e3cbb1a'
[11:30:23] [INFO] - @ 'Client' Object saved
[11:30:23] [SUCCESS] - @ 'Client' Updated object with id '3583282e-50cd-49a8-8da2-bbf85e3cbb1a'
[11:30:27] [INFO] - @ 'Client' Object saved
[11:30:27] [SUCCESS] - @ 'Client' Updated object with id '3583282e-50cd-49a8-8da2-bbf85e3cbb1a'
[11:30:35] [INFO] - @ 'Client' Object saved
[11:30:35] [SUCCESS] - @ 'Client' Updated object with id '3583282e-50cd-49a8-8da2-bbf85e3cbb1a'
[12:54:41] [INFO] - Loading Client Data...
[12:54:42] [SUCCESS] - Client data loaded successfully!
[12:54:42] [INFO] - Loading Client Data...
[12:54:42] [SUCCESS] - Client data loaded successfully!
[12:56:45] [INFO] - @ 'Client' Object saved
[12:56:45] [SUCCESS] - @ 'Client' Object with id: '61574055-6d65-4ba2-8a0e-037c7ff6a4f9' added.
[12:56:50] [INFO] - @ 'Client' Object saved
[12:56:50] [SUCCESS] - @ 'Client' Removed object with id '61574055-6d65-4ba2-8a0e-037c7ff6a4f9'
[12:57:02] [INFO] - Loading Client Data...
[12:57:02] [SUCCESS] - Client data loaded successfully!
[12:57:05] [INFO] - @ 'Client' Object saved
[12:57:05] [SUCCESS] - @ 'Client' Object with id: 'b6878d6f-ba98-4509-93a6-78d65d321415' added.
[12:57:15] [INFO] - Loading Client Data...
[12:57:15] [SUCCESS] - Client data loaded successfully!
[12:57:15] [INFO] - Loading Client Data...
[12:57:15] [SUCCESS] - Client data loaded successfully!
[12:57:20] [INFO] - @ 'Client' Object saved
[12:57:20] [SUCCESS] - @ 'Client' Removed object with id 'b6878d6f-ba98-4509-93a6-78d65d321415'
[12:57:20] [INFO] - Loading Client Data...
[12:57:20] [SUCCESS] - Client data loaded successfully!
[12:57:21] [INFO] - @ 'Client' Object saved
[12:57:21] [SUCCESS] - @ 'Client' Object with id: 'fbd70e99-aba3-468e-80fd-c76b6de9d6cd' added.
[12:57:21] [INFO] - Loading Client Data...
[12:57:21] [SUCCESS] - Client data loaded successfully!
[12:57:29] [INFO] - @ 'Client' Object saved
[12:57:29] [SUCCESS] - @ 'Client' Updated object with id 'fbd70e99-aba3-468e-80fd-c76b6de9d6cd'
[12:57:29] [INFO] - Loading Client Data...
[12:57:29] [SUCCESS] - Client data loaded successfully!
[12:57:37] [INFO] - @ 'Client' Object saved
[12:57:37] [SUCCESS] - @ 'Client' Updated object with id 'fbd70e99-aba3-468e-80fd-c76b6de9d6cd'
[12:57:37] [INFO] - Loading Client Data...
[12:57:37] [SUCCESS] - Client data loaded successfully!
[12:57:39] [INFO] - @ 'Client' Object saved
[12:57:39] [SUCCESS] - @ 'Client' Updated object with id 'fbd70e99-aba3-468e-80fd-c76b6de9d6cd'
[12:57:39] [INFO] - Loading Client Data...
[12:57:39] [SUCCESS] - Client data loaded successfully!
[12:57:47] [INFO] - @ 'Client' Object saved
[12:57:47] [SUCCESS] - @ 'Client' Updated object with id 'fbd70e99-aba3-468e-80fd-c76b6de9d6cd'
[12:57:47] [INFO] - Loading Client Data...
[12:57:47] [SUCCESS] - Client data loaded successfully!
[12:57:58] [INFO] - @ 'Client' Object saved
[12:57:58] [SUCCESS] - @ 'Client' Updated object with id 'fbd70e99-aba3-468e-80fd-c76b6de9d6cd'
[12:57:58] [INFO] - Loading Client Data...
[12:57:58] [SUCCESS] - Client data loaded successfully!
[12:58:00] [INFO] - @ 'Client' Object saved
[12:58:00] [SUCCESS] - @ 'Client' Updated object with id 'fbd70e99-aba3-468e-80fd-c76b6de9d6cd'
[12:58:00] [INFO] - Loading Client Data...
[12:58:00] [SUCCESS] - Client data loaded successfully!
[13:09:08] [INFO] - Loading Client Data...
[13:09:08] [SUCCESS] - Client data loaded successfully!
[13:09:08] [INFO] - Loading Client Data...
[13:09:08] [SUCCESS] - Client data loaded successfully!
[13:09:13] [INFO] - @ 'Client' Object saved
[13:09:13] [SUCCESS] - @ 'Client' Object with id: 'bcd8f0d1-fb4f-4dbb-9324-ca694db045b5' added.
[13:09:13] [INFO] - Loading Client Data...
[13:09:13] [SUCCESS] - Client data loaded successfully!
[13:09:22] [INFO] - @ 'Client' Object saved
[13:09:22] [SUCCESS] - @ 'Client' Updated object with id 'bcd8f0d1-fb4f-4dbb-9324-ca694db045b5'
[13:09:22] [INFO] - Loading Client Data...
[13:09:22] [SUCCESS] - Client data loaded successfully!
[13:09:25] [INFO] - @ 'Client' Object saved
[13:09:25] [SUCCESS] - @ 'Client' Updated object with id 'bcd8f0d1-fb4f-4dbb-9324-ca694db045b5'
[13:09:25] [INFO] - Loading Client Data...
[13:09:25] [SUCCESS] - Client data loaded successfully!
[13:09:26] [INFO] - @ 'Client' Object saved
[13:09:26] [SUCCESS] - @ 'Client' Updated object with id 'bcd8f0d1-fb4f-4dbb-9324-ca694db045b5'
[13:09:27] [INFO] - Loading Client Data...
[13:09:27] [SUCCESS] - Client data loaded successfully!
[13:09:31] [INFO] - @ 'Client' Object saved
[13:09:31] [SUCCESS] - @ 'Client' Updated object with id 'bcd8f0d1-fb4f-4dbb-9324-ca694db045b5'
[13:09:32] [INFO] - Loading Client Data...
[13:09:32] [SUCCESS] - Client data loaded successfully!
[13:09:38] [INFO] - @ 'Client' Object saved
[13:09:38] [SUCCESS] - @ 'Client' Updated object with id 'bcd8f0d1-fb4f-4dbb-9324-ca694db045b5'
[13:09:39] [INFO] - Loading Client Data...
[13:09:39] [SUCCESS] - Client data loaded successfully!
[13:09:40] [INFO] - @ 'Client' Object saved
[13:09:40] [SUCCESS] - @ 'Client' Updated object with id 'bcd8f0d1-fb4f-4dbb-9324-ca694db045b5'
[13:09:40] [INFO] - Loading Client Data...
[13:09:40] [SUCCESS] - Client data loaded successfully!
[13:10:20] [INFO] - Loading Client Data...
[13:10:20] [SUCCESS] - Client data loaded successfully!
[13:10:20] [INFO] - Loading Client Data...
[13:10:20] [SUCCESS] - Client data loaded successfully!
[13:10:44] [FATAL] - @ 'TransactionHistory' File not found: data/TransactionHistory.B64 (No such file or directory)
[13:10:47] [FATAL] - @ 'TransactionHistory' File not found: data/TransactionHistory.B64 (No such file or directory)
[13:14:28] [INFO] - Loading Client Data...
[13:14:28] [SUCCESS] - Client data loaded successfully!
[13:14:28] [INFO] - Loading Client Data...
[13:14:28] [SUCCESS] - Client data loaded successfully!
[13:14:31] [INFO] - @ 'Client' Object saved
[13:14:31] [SUCCESS] - @ 'Client' Object with id: '153d81be-2fd8-499c-8ecf-8db395bc1e1f' added.
[13:14:32] [INFO] - Loading Client Data...
[13:14:32] [SUCCESS] - Client data loaded successfully!
[13:14:35] [INFO] - @ 'Client' Object saved
[13:14:35] [SUCCESS] - @ 'Client' Updated object with id '153d81be-2fd8-499c-8ecf-8db395bc1e1f'
[13:14:36] [INFO] - Loading Client Data...
[13:14:36] [SUCCESS] - Client data loaded successfully!
[13:14:37] [INFO] - @ 'Client' Object saved
[13:14:37] [SUCCESS] - @ 'Client' Removed object with id '153d81be-2fd8-499c-8ecf-8db395bc1e1f'
[13:14:38] [INFO] - Loading Client Data...
[13:14:38] [SUCCESS] - Client data loaded successfully!
[13:14:38] [INFO] - @ 'Client' Object saved
[13:14:38] [SUCCESS] - @ 'Client' Removed object with id 'bcd8f0d1-fb4f-4dbb-9324-ca694db045b5'
[13:14:39] [INFO] - Loading Client Data...
[13:14:39] [SUCCESS] - Client data loaded successfully!
[13:15:38] [INFO] - Loading Client Data...
[13:15:38] [SUCCESS] - Client data loaded successfully!
[13:15:38] [INFO] - Loading Client Data...
[13:15:38] [SUCCESS] - Client data loaded successfully!
[13:15:40] [INFO] - @ 'Client' Object saved
[13:15:40] [SUCCESS] - @ 'Client' Object with id: '34831e9d-3cae-4bdc-83a1-28ed1fb78558' added.
[13:15:41] [INFO] - Loading Client Data...
[13:15:41] [SUCCESS] - Client data loaded successfully!
[13:15:42] [INFO] - @ 'Client' Object saved
[13:15:42] [SUCCESS] - @ 'Client' Updated object with id '34831e9d-3cae-4bdc-83a1-28ed1fb78558'
[13:15:43] [INFO] - Loading Client Data...
[13:15:43] [SUCCESS] - Client data loaded successfully!
[13:15:44] [INFO] - @ 'Client' Object saved
[13:15:44] [SUCCESS] - @ 'Client' Updated object with id '34831e9d-3cae-4bdc-83a1-28ed1fb78558'
[13:15:44] [INFO] - Loading Client Data...
[13:15:44] [SUCCESS] - Client data loaded successfully!
[13:15:45] [INFO] - @ 'Client' Object saved
[13:15:45] [SUCCESS] - @ 'Client' Updated object with id '34831e9d-3cae-4bdc-83a1-28ed1fb78558'
[13:15:46] [INFO] - Loading Client Data...
[13:15:46] [SUCCESS] - Client data loaded successfully!
[13:15:46] [INFO] - @ 'Client' Object saved
[13:15:46] [SUCCESS] - @ 'Client' Updated object with id '34831e9d-3cae-4bdc-83a1-28ed1fb78558'
[13:15:47] [INFO] - Loading Client Data...
[13:15:47] [SUCCESS] - Client data loaded successfully!
[13:15:47] [INFO] - @ 'Client' Object saved
[13:15:47] [SUCCESS] - @ 'Client' Updated object with id '34831e9d-3cae-4bdc-83a1-28ed1fb78558'
[13:15:48] [INFO] - Loading Client Data...
[13:15:48] [SUCCESS] - Client data loaded successfully!
[13:15:50] [INFO] - @ 'Client' Object saved
[13:15:50] [SUCCESS] - @ 'Client' Updated object with id '34831e9d-3cae-4bdc-83a1-28ed1fb78558'
[13:15:51] [INFO] - Loading Client Data...
[13:15:51] [SUCCESS] - Client data loaded successfully!
[13:17:28] [INFO] - Loading Client Data...
[13:17:28] [SUCCESS] - Client data loaded successfully!
[13:17:28] [INFO] - Loading Client Data...
[13:17:28] [SUCCESS] - Client data loaded successfully!
[13:20:52] [INFO] - Loading Client Data...
[13:20:52] [SUCCESS] - Client data loaded successfully!
[13:20:52] [INFO] - Loading Client Data...
[13:20:52] [SUCCESS] - Client data loaded successfully!
[13:20:58] [INFO] - @ 'Client' Object saved
[13:20:58] [SUCCESS] - @ 'Client' Updated object with id '34831e9d-3cae-4bdc-83a1-28ed1fb78558'
[13:20:59] [INFO] - Loading Client Data...
[13:20:59] [SUCCESS] - Client data loaded successfully!
[13:21:04] [INFO] - @ 'Client' Object saved
[13:21:04] [SUCCESS] - @ 'Client' Updated object with id '34831e9d-3cae-4bdc-83a1-28ed1fb78558'
[13:21:04] [INFO] - Loading Client Data...
[13:21:04] [SUCCESS] - Client data loaded successfully!
