[11:05:32] [SUCCESS] - Client data loaded successfully!
[11:05:59] [SUCCESS] - Client data loaded successfully!
[11:12:19] [SUCCESS] - Client data loaded successfully!
[11:12:59] [SUCCESS] - Client data loaded successfully!
[11:12:59] [SUCCESS] - Client data loaded successfully!
[11:12:59] [SUCCESS] - Transactions History data loaded successfully!
[11:13:07] [INFO] - @ 'Client' Object saved
[11:13:07] [SUCCESS] - @ 'Client' Object with id: 'fef43d08-f1de-4fb9-a098-e5a3ca6d90a1' added.
[11:13:08] [SUCCESS] - Client data loaded successfully!
[11:13:13] [INFO] - @ 'Client' Object saved
[11:13:13] [SUCCESS] - @ 'Client' Updated object with id 'fef43d08-f1de-4fb9-a098-e5a3ca6d90a1'
[11:13:14] [SUCCESS] - Client data loaded successfully!
[11:13:16] [INFO] - @ 'Client' Object saved
[11:13:16] [SUCCESS] - @ 'Client' Updated object with id 'fef43d08-f1de-4fb9-a098-e5a3ca6d90a1'
[11:13:17] [SUCCESS] - Client data loaded successfully!
[11:13:18] [INFO] - @ 'Client' Object saved
[11:13:18] [SUCCESS] - @ 'Client' Updated object with id 'fef43d08-f1de-4fb9-a098-e5a3ca6d90a1'
[11:13:19] [SUCCESS] - Client data loaded successfully!
[11:13:22] [INFO] - @ 'Client' Object saved
[11:13:22] [SUCCESS] - @ 'Client' Updated object with id 'fef43d08-f1de-4fb9-a098-e5a3ca6d90a1'
[11:13:23] [SUCCESS] - Client data loaded successfully!
[11:13:26] [INFO] - @ 'Client' Object saved
[11:13:26] [SUCCESS] - @ 'Client' Updated object with id 'fef43d08-f1de-4fb9-a098-e5a3ca6d90a1'
[11:13:27] [SUCCESS] - Client data loaded successfully!
[11:13:44] [INFO] - @ 'TransactionHistory' Object saved
[11:13:44] [SUCCESS] - @ 'TransactionHistory' Object with id: 'c8a520ed-e0f2-4b80-9516-66f56fd4e92a' added.
[11:13:44] [INFO] - @ 'Client' Object saved
[11:13:44] [SUCCESS] - @ 'Client' Updated object with id '71177c62-6814-47d2-83d9-d2df75ef5fde'
[11:13:44] [INFO] - @ 'Client' Object saved
[11:13:44] [SUCCESS] - @ 'Client' Updated object with id '71177c62-6814-47d2-83d9-d2df75ef5fde'
[11:13:45] [SUCCESS] - Client data loaded successfully!
[11:14:12] [SUCCESS] - Client data loaded successfully!
[11:14:12] [SUCCESS] - Client data loaded successfully!
[11:14:12] [SUCCESS] - Transactions History data loaded successfully!
[11:17:30] [SUCCESS] - Client data loaded successfully!
[11:17:30] [SUCCESS] - Transactions History data loaded successfully!
[11:17:33] [INFO] - @ 'Client' Object saved
[11:17:33] [SUCCESS] - @ 'Client' Object with id: '098f8f51-575d-4e45-ae78-f18838c9a386' added.
[11:17:37] [INFO] - @ 'Client' Object saved
[11:17:37] [SUCCESS] - @ 'Client' Updated object with id '098f8f51-575d-4e45-ae78-f18838c9a386'
[11:17:38] [INFO] - @ 'Client' Object saved
[11:17:38] [SUCCESS] - @ 'Client' Updated object with id '098f8f51-575d-4e45-ae78-f18838c9a386'
[11:17:38] [INFO] - @ 'Client' Object saved
[11:17:38] [SUCCESS] - @ 'Client' Updated object with id '098f8f51-575d-4e45-ae78-f18838c9a386'
[11:17:39] [INFO] - @ 'Client' Object saved
[11:17:39] [SUCCESS] - @ 'Client' Updated object with id '098f8f51-575d-4e45-ae78-f18838c9a386'
[11:17:41] [INFO] - @ 'Client' Object saved
[11:17:41] [SUCCESS] - @ 'Client' Updated object with id '098f8f51-575d-4e45-ae78-f18838c9a386'
[11:17:49] [INFO] - @ 'Client' Object saved
[11:17:49] [SUCCESS] - @ 'Client' Updated object with id '098f8f51-575d-4e45-ae78-f18838c9a386'
[11:17:53] [INFO] - @ 'Client' Object saved
[11:17:53] [SUCCESS] - @ 'Client' Updated object with id '098f8f51-575d-4e45-ae78-f18838c9a386'
[11:18:04] [INFO] - @ 'TransactionHistory' Object saved
[11:18:04] [SUCCESS] - @ 'TransactionHistory' Object with id: 'bdf2ea3e-42dd-4fb6-a970-be23d41d2a4a' added.
[11:18:04] [INFO] - @ 'Client' Object saved
[11:18:04] [SUCCESS] - @ 'Client' Updated object with id '098f8f51-575d-4e45-ae78-f18838c9a386'
[11:18:04] [INFO] - @ 'Client' Object saved
[11:18:04] [SUCCESS] - @ 'Client' Updated object with id '098f8f51-575d-4e45-ae78-f18838c9a386'
[11:18:21] [SUCCESS] - Client data loaded successfully!
[11:18:21] [SUCCESS] - Transactions History data loaded successfully!
[11:24:50] [SUCCESS] - Client data loaded successfully!
[11:24:50] [SUCCESS] - Client data loaded successfully!
[11:24:50] [SUCCESS] - Transactions History data loaded successfully!
[11:25:15] [INFO] - @ 'TransactionHistory' Object saved
[11:25:15] [SUCCESS] - @ 'TransactionHistory' Object with id: '617f9807-77b8-4eb2-89ab-32685d074b5d' added.
[11:25:15] [INFO] - @ 'Client' Object saved
[11:25:15] [SUCCESS] - @ 'Client' Updated object with id '71177c62-6814-47d2-83d9-d2df75ef5fde'
[11:25:15] [INFO] - @ 'Client' Object saved
[11:25:15] [SUCCESS] - @ 'Client' Updated object with id '71177c62-6814-47d2-83d9-d2df75ef5fde'
[11:25:15] [SUCCESS] - Client data loaded successfully!
[11:25:39] [INFO] - @ 'TransactionHistory' Object saved
[11:25:39] [SUCCESS] - @ 'TransactionHistory' Object with id: '45fb113e-71de-4320-9b55-92774e7b02fa' added.
[11:25:39] [INFO] - @ 'Client' Object saved
[11:25:39] [SUCCESS] - @ 'Client' Updated object with id '71177c62-6814-47d2-83d9-d2df75ef5fde'
[11:25:39] [INFO] - @ 'Client' Object saved
[11:25:39] [SUCCESS] - @ 'Client' Updated object with id '71177c62-6814-47d2-83d9-d2df75ef5fde'
[11:25:40] [SUCCESS] - Client data loaded successfully!
[11:25:50] [INFO] - @ 'TransactionHistory' Object saved
[11:25:50] [SUCCESS] - @ 'TransactionHistory' Object with id: '5c0f086b-44fd-4d50-a7d5-5e8869ad4789' added.
[11:25:50] [INFO] - @ 'Client' Object saved
[11:25:50] [SUCCESS] - @ 'Client' Updated object with id '71177c62-6814-47d2-83d9-d2df75ef5fde'
[11:25:50] [INFO] - @ 'Client' Object saved
[11:25:50] [SUCCESS] - @ 'Client' Updated object with id '71177c62-6814-47d2-83d9-d2df75ef5fde'
[11:25:50] [SUCCESS] - Client data loaded successfully!
[11:26:19] [INFO] - @ 'Client' Object saved
[11:26:19] [SUCCESS] - @ 'Client' Updated object with id 'fef43d08-f1de-4fb9-a098-e5a3ca6d90a1'
[11:26:20] [SUCCESS] - Client data loaded successfully!
[11:26:35] [INFO] - @ 'Client' Object saved
[11:26:35] [SUCCESS] - @ 'Client' Updated object with id 'fef43d08-f1de-4fb9-a098-e5a3ca6d90a1'
[11:26:36] [SUCCESS] - Client data loaded successfully!
[11:26:54] [INFO] - @ 'Client' Object saved
[11:26:54] [SUCCESS] - @ 'Client' Updated object with id 'fef43d08-f1de-4fb9-a098-e5a3ca6d90a1'
[11:26:55] [SUCCESS] - Client data loaded successfully!
[11:26:57] [INFO] - @ 'Client' Object saved
[11:26:57] [SUCCESS] - @ 'Client' Updated object with id 'fef43d08-f1de-4fb9-a098-e5a3ca6d90a1'
[11:26:58] [SUCCESS] - Client data loaded successfully!
[11:30:11] [SUCCESS] - Client data loaded successfully!
[11:30:11] [SUCCESS] - Client data loaded successfully!
[11:30:11] [SUCCESS] - Transactions History data loaded successfully!
[11:30:23] [INFO] - @ 'TransactionHistory' Object saved
[11:30:23] [SUCCESS] - @ 'TransactionHistory' Object with id: 'b170fb78-d4a7-4dc9-a0e1-b130b25cf56a' added.
[11:30:23] [INFO] - @ 'Client' Object saved
[11:30:23] [SUCCESS] - @ 'Client' Updated object with id '098f8f51-575d-4e45-ae78-f18838c9a386'
[11:30:23] [SUCCESS] - Client data loaded successfully!
[11:30:58] [INFO] - @ 'TransactionHistory' Object saved
[11:30:58] [SUCCESS] - @ 'TransactionHistory' Object with id: 'fc64f09d-f924-4a57-8027-181ae28a7703' added.
[11:30:58] [INFO] - @ 'Client' Object saved
[11:30:58] [SUCCESS] - @ 'Client' Updated object with id '098f8f51-575d-4e45-ae78-f18838c9a386'
[11:30:58] [SUCCESS] - Client data loaded successfully!
[11:31:08] [INFO] - @ 'Client' Object saved
[11:31:08] [SUCCESS] - @ 'Client' Updated object with id '098f8f51-575d-4e45-ae78-f18838c9a386'
[11:31:09] [SUCCESS] - Client data loaded successfully!
[11:33:46] [SUCCESS] - Client data loaded successfully!
[11:33:46] [SUCCESS] - Client data loaded successfully!
[11:33:46] [SUCCESS] - Transactions History data loaded successfully!
[11:33:53] [INFO] - @ 'Client' Object saved
[11:33:53] [SUCCESS] - @ 'Client' Updated object with id '098f8f51-575d-4e45-ae78-f18838c9a386'
[11:33:54] [SUCCESS] - Client data loaded successfully!
[11:35:04] [SUCCESS] - Client data loaded successfully!
[11:35:04] [SUCCESS] - Client data loaded successfully!
[11:35:04] [SUCCESS] - Transactions History data loaded successfully!
[11:35:11] [INFO] - @ 'Client' Object saved
[11:35:11] [SUCCESS] - @ 'Client' Updated object with id '098f8f51-575d-4e45-ae78-f18838c9a386'
[11:35:12] [SUCCESS] - Client data loaded successfully!
[11:35:57] [INFO] - @ 'Client' Object saved
[11:35:57] [SUCCESS] - @ 'Client' Updated object with id '098f8f51-575d-4e45-ae78-f18838c9a386'
[11:35:58] [SUCCESS] - Client data loaded successfully!
[11:36:04] [INFO] - @ 'Client' Object saved
[11:36:04] [SUCCESS] - @ 'Client' Updated object with id '098f8f51-575d-4e45-ae78-f18838c9a386'
[11:36:05] [SUCCESS] - Client data loaded successfully!
[11:37:31] [SUCCESS] - Accounts data loaded successfully!
[11:37:31] [SUCCESS] - Client data loaded successfully!
[11:37:31] [SUCCESS] - Client data loaded successfully!
[11:37:31] [SUCCESS] - Transactions History data loaded successfully!
[11:37:38] [INFO] - @ 'Client' Object saved
[11:37:38] [SUCCESS] - @ 'Client' Updated object with id '098f8f51-575d-4e45-ae78-f18838c9a386'
[11:37:38] [SUCCESS] - Client data loaded successfully!
[11:37:56] [INFO] - @ 'Client' Object saved
[11:37:56] [SUCCESS] - @ 'Client' Updated object with id '098f8f51-575d-4e45-ae78-f18838c9a386'
[11:37:56] [SUCCESS] - Client data loaded successfully!
[11:38:06] [INFO] - @ 'Client' Object saved
[11:38:06] [SUCCESS] - @ 'Client' Updated object with id '098f8f51-575d-4e45-ae78-f18838c9a386'
[11:38:06] [SUCCESS] - Client data loaded successfully!
[11:38:41] [SUCCESS] - Accounts data loaded successfully!
[11:38:41] [SUCCESS] - Client data loaded successfully!
[11:38:41] [SUCCESS] - Client data loaded successfully!
[11:38:42] [SUCCESS] - Transactions History data loaded successfully!
[11:38:47] [INFO] - @ 'Client' Object saved
[11:38:47] [SUCCESS] - @ 'Client' Updated object with id '098f8f51-575d-4e45-ae78-f18838c9a386'
[11:38:47] [SUCCESS] - Client data loaded successfully!
[11:38:51] [INFO] - @ 'Client' Object saved
[11:38:51] [SUCCESS] - @ 'Client' Updated object with id '098f8f51-575d-4e45-ae78-f18838c9a386'
[11:38:51] [SUCCESS] - Client data loaded successfully!
[11:39:55] [SUCCESS] - Accounts data loaded successfully!
[11:39:55] [SUCCESS] - Client data loaded successfully!
[11:39:55] [SUCCESS] - Client data loaded successfully!
[11:39:55] [SUCCESS] - Transactions History data loaded successfully!
[11:40:00] [INFO] - @ 'Client' Object saved
[11:40:00] [SUCCESS] - @ 'Client' Updated object with id '098f8f51-575d-4e45-ae78-f18838c9a386'
[11:40:00] [SUCCESS] - Client data loaded successfully!
[11:40:07] [INFO] - @ 'TransactionHistory' Object saved
[11:40:07] [SUCCESS] - @ 'TransactionHistory' Object with id: '0cd8b095-7a1c-494d-a306-da530a841003' added.
[11:40:07] [INFO] - @ 'Client' Object saved
[11:40:07] [SUCCESS] - @ 'Client' Updated object with id '098f8f51-575d-4e45-ae78-f18838c9a386'
[11:40:07] [SUCCESS] - Client data loaded successfully!
[11:40:11] [INFO] - @ 'Client' Object saved
[11:40:11] [SUCCESS] - @ 'Client' Updated object with id '098f8f51-575d-4e45-ae78-f18838c9a386'
[11:40:11] [SUCCESS] - Client data loaded successfully!
[11:40:16] [INFO] - @ 'TransactionHistory' Object saved
[11:40:16] [SUCCESS] - @ 'TransactionHistory' Object with id: '7bf002a5-fac6-4c1d-9ed0-b5164f7ae1e8' added.
[11:40:16] [INFO] - @ 'Client' Object saved
[11:40:16] [SUCCESS] - @ 'Client' Updated object with id '098f8f51-575d-4e45-ae78-f18838c9a386'
[11:40:16] [INFO] - @ 'Client' Object saved
[11:40:16] [SUCCESS] - @ 'Client' Updated object with id '098f8f51-575d-4e45-ae78-f18838c9a386'
[11:40:17] [SUCCESS] - Client data loaded successfully!
[11:40:26] [INFO] - @ 'TransactionHistory' Object saved
[11:40:26] [SUCCESS] - @ 'TransactionHistory' Object with id: '303a3635-476f-4f5b-9cea-2c193977e597' added.
[11:40:26] [INFO] - @ 'Client' Object saved
[11:40:26] [SUCCESS] - @ 'Client' Updated object with id '098f8f51-575d-4e45-ae78-f18838c9a386'
[11:40:26] [INFO] - @ 'Client' Object saved
[11:40:26] [SUCCESS] - @ 'Client' Updated object with id '098f8f51-575d-4e45-ae78-f18838c9a386'
[11:40:26] [SUCCESS] - Client data loaded successfully!
[11:40:47] [INFO] - @ 'TransactionHistory' Object saved
[11:40:47] [SUCCESS] - @ 'TransactionHistory' Object with id: '5405eaa1-ea65-4d0f-9e9a-f5cdf6058b5c' added.
[11:40:47] [INFO] - @ 'Client' Object saved
[11:40:47] [SUCCESS] - @ 'Client' Updated object with id '098f8f51-575d-4e45-ae78-f18838c9a386'
[11:40:47] [INFO] - @ 'Client' Object saved
[11:40:47] [SUCCESS] - @ 'Client' Updated object with id '71177c62-6814-47d2-83d9-d2df75ef5fde'
[11:40:47] [SUCCESS] - Client data loaded successfully!
[11:41:00] [INFO] - @ 'Client' Object saved
[11:41:00] [SUCCESS] - @ 'Client' Object with id: 'e3b3c429-3d1e-434f-a985-7ca2e55df546' added.
[11:41:00] [SUCCESS] - Client data loaded successfully!
[11:41:01] [INFO] - @ 'Client' Object saved
[11:41:01] [SUCCESS] - @ 'Client' Removed object with id 'e3b3c429-3d1e-434f-a985-7ca2e55df546'
[11:41:02] [SUCCESS] - Client data loaded successfully!
[11:41:08] [INFO] - @ 'Client' Object saved
[11:41:08] [SUCCESS] - @ 'Client' Updated object with id 'fef43d08-f1de-4fb9-a098-e5a3ca6d90a1'
[11:41:08] [SUCCESS] - Client data loaded successfully!
[11:41:13] [INFO] - @ 'Client' Object saved
[11:41:13] [SUCCESS] - @ 'Client' Updated object with id 'fef43d08-f1de-4fb9-a098-e5a3ca6d90a1'
[11:41:13] [SUCCESS] - Client data loaded successfully!
[11:41:18] [INFO] - @ 'Client' Object saved
[11:41:18] [SUCCESS] - @ 'Client' Updated object with id 'fef43d08-f1de-4fb9-a098-e5a3ca6d90a1'
[11:41:19] [SUCCESS] - Client data loaded successfully!
[11:41:22] [INFO] - @ 'Client' Object saved
[11:41:22] [SUCCESS] - @ 'Client' Updated object with id 'fef43d08-f1de-4fb9-a098-e5a3ca6d90a1'
[11:41:22] [SUCCESS] - Client data loaded successfully!
[11:41:32] [INFO] - @ 'Client' Object saved
[11:41:32] [SUCCESS] - @ 'Client' Updated object with id 'fef43d08-f1de-4fb9-a098-e5a3ca6d90a1'
[11:41:32] [SUCCESS] - Client data loaded successfully!
[11:41:35] [INFO] - @ 'Client' Object saved
[11:41:35] [SUCCESS] - @ 'Client' Updated object with id 'fef43d08-f1de-4fb9-a098-e5a3ca6d90a1'
[11:41:35] [SUCCESS] - Client data loaded successfully!
[11:41:50] [INFO] - @ 'Client' Object saved
[11:41:50] [SUCCESS] - @ 'Client' Updated object with id '098f8f51-575d-4e45-ae78-f18838c9a386'
[11:41:50] [SUCCESS] - Client data loaded successfully!
[11:44:30] [SUCCESS] - Accounts data loaded successfully!
[11:44:30] [SUCCESS] - Client data loaded successfully!
[11:44:30] [SUCCESS] - Client data loaded successfully!
[11:44:30] [SUCCESS] - Transactions History data loaded successfully!
[11:44:37] [INFO] - @ 'Client' Object saved
[11:44:37] [SUCCESS] - @ 'Client' Updated object with id '098f8f51-575d-4e45-ae78-f18838c9a386'
[11:44:38] [SUCCESS] - Client data loaded successfully!
[11:44:42] [INFO] - @ 'Client' Object saved
[11:44:42] [SUCCESS] - @ 'Client' Updated object with id '098f8f51-575d-4e45-ae78-f18838c9a386'
[11:44:42] [SUCCESS] - Client data loaded successfully!
[11:48:22] [SUCCESS] - Accounts data loaded successfully!
[11:48:22] [SUCCESS] - Client data loaded successfully!
[11:48:22] [SUCCESS] - Transactions History data loaded successfully!
[11:48:27] [INFO] - @ 'Client' Object saved
[11:48:27] [SUCCESS] - @ 'Client' Updated object with id '098f8f51-575d-4e45-ae78-f18838c9a386'
[11:48:30] [INFO] - @ 'Client' Object saved
[11:48:30] [SUCCESS] - @ 'Client' Updated object with id '098f8f51-575d-4e45-ae78-f18838c9a386'
[11:48:36] [INFO] - @ 'Client' Object saved
[11:48:36] [SUCCESS] - @ 'Client' Updated object with id '098f8f51-575d-4e45-ae78-f18838c9a386'
[11:48:38] [INFO] - @ 'Client' Object saved
[11:48:38] [SUCCESS] - @ 'Client' Updated object with id '098f8f51-575d-4e45-ae78-f18838c9a386'
[11:48:56] [INFO] - @ 'TransactionHistory' Object saved
[11:48:56] [SUCCESS] - @ 'TransactionHistory' Object with id: 'cc7315f8-0d7a-4e61-9416-5a54919585f9' added.
[11:48:56] [INFO] - @ 'Client' Object saved
[11:48:56] [SUCCESS] - @ 'Client' Updated object with id '098f8f51-575d-4e45-ae78-f18838c9a386'
[11:48:56] [INFO] - @ 'Client' Object saved
[11:48:56] [SUCCESS] - @ 'Client' Updated object with id '098f8f51-575d-4e45-ae78-f18838c9a386'
[11:48:57] [SUCCESS] - Client data loaded successfully!
[11:49:11] [INFO] - @ 'TransactionHistory' Object saved
[11:49:11] [SUCCESS] - @ 'TransactionHistory' Object with id: '20d8cbeb-78da-44f4-af00-9fa25b6cc36e' added.
[11:49:11] [INFO] - @ 'Client' Object saved
[11:49:11] [SUCCESS] - @ 'Client' Updated object with id '098f8f51-575d-4e45-ae78-f18838c9a386'
[11:49:11] [INFO] - @ 'Client' Object saved
[11:49:11] [SUCCESS] - @ 'Client' Updated object with id '71177c62-6814-47d2-83d9-d2df75ef5fde'
[11:49:12] [SUCCESS] - Client data loaded successfully!
[11:49:26] [INFO] - @ 'Client' Object saved
[11:49:26] [SUCCESS] - @ 'Client' Updated object with id 'fef43d08-f1de-4fb9-a098-e5a3ca6d90a1'
[11:49:39] [INFO] - @ 'TransactionHistory' Object saved
[11:49:39] [SUCCESS] - @ 'TransactionHistory' Object with id: 'a4e5f24f-24ed-431b-a6df-4c305035823b' added.
[11:49:39] [INFO] - @ 'Client' Object saved
[11:49:39] [SUCCESS] - @ 'Client' Updated object with id '71177c62-6814-47d2-83d9-d2df75ef5fde'
[11:49:39] [INFO] - @ 'Client' Object saved
[11:49:39] [SUCCESS] - @ 'Client' Updated object with id 'fef43d08-f1de-4fb9-a098-e5a3ca6d90a1'
[11:49:39] [SUCCESS] - Client data loaded successfully!
[11:49:58] [INFO] - @ 'TransactionHistory' Object saved
[11:49:58] [SUCCESS] - @ 'TransactionHistory' Object with id: 'ac36395d-023e-43c2-9e34-0d4591cde8a9' added.
[11:49:58] [INFO] - @ 'Client' Object saved
[11:49:58] [SUCCESS] - @ 'Client' Updated object with id 'fef43d08-f1de-4fb9-a098-e5a3ca6d90a1'
[11:49:58] [INFO] - @ 'Client' Object saved
[11:49:58] [SUCCESS] - @ 'Client' Updated object with id 'fef43d08-f1de-4fb9-a098-e5a3ca6d90a1'
[11:49:59] [SUCCESS] - Client data loaded successfully!
[11:54:56] [SUCCESS] - Accounts data loaded successfully!
[11:54:56] [SUCCESS] - Client data loaded successfully!
[11:54:56] [SUCCESS] - Transactions History data loaded successfully!
[11:55:08] [INFO] - @ 'TransactionHistory' Object saved
[11:55:08] [SUCCESS] - @ 'TransactionHistory' Object with id: 'ace96237-57c2-4b6b-b340-9bc3f493c0b3' added.
[11:55:08] [INFO] - @ 'Client' Object saved
[11:55:08] [SUCCESS] - @ 'Client' Updated object with id '71177c62-6814-47d2-83d9-d2df75ef5fde'
[11:55:08] [INFO] - @ 'Client' Object saved
[11:55:08] [SUCCESS] - @ 'Client' Updated object with id '71177c62-6814-47d2-83d9-d2df75ef5fde'
[11:55:09] [SUCCESS] - Client data loaded successfully!
[11:55:19] [SUCCESS] - Client data loaded successfully!
[11:55:27] [SUCCESS] - Client data loaded successfully!
[12:00:00] [SUCCESS] - Accounts data loaded successfully!
[12:00:00] [SUCCESS] - Client data loaded successfully!
[12:00:01] [SUCCESS] - Transactions History data loaded successfully!
[12:01:54] [SUCCESS] - Accounts data loaded successfully!
[12:01:54] [SUCCESS] - Client data loaded successfully!
[12:01:54] [SUCCESS] - Transactions History data loaded successfully!
[12:03:13] [SUCCESS] - Accounts data loaded successfully!
[12:03:13] [SUCCESS] - Client data loaded successfully!
[12:03:13] [SUCCESS] - Transactions History data loaded successfully!
[12:06:25] [SUCCESS] - Accounts data loaded successfully!
[12:06:25] [SUCCESS] - Client data loaded successfully!
[12:06:25] [SUCCESS] - Transactions History data loaded successfully!
[12:07:14] [SUCCESS] - Accounts data loaded successfully!
[12:07:14] [SUCCESS] - Client data loaded successfully!
[12:07:14] [SUCCESS] - Transactions History data loaded successfully!
[12:15:15] [SUCCESS] - Accounts data loaded successfully!
[12:15:15] [SUCCESS] - Client data loaded successfully!
[12:15:15] [SUCCESS] - Transactions History data loaded successfully!
[12:15:31] [SUCCESS] - Accounts data loaded successfully!
[12:15:31] [SUCCESS] - Client data loaded successfully!
[12:15:31] [SUCCESS] - Transactions History data loaded successfully!
[12:22:30] [SUCCESS] - Accounts data loaded successfully!
[12:22:30] [SUCCESS] - Client data loaded successfully!
[12:22:30] [SUCCESS] - Transactions History data loaded successfully!
[12:22:53] [SUCCESS] - Accounts data loaded successfully!
[12:22:53] [SUCCESS] - Client data loaded successfully!
[12:22:53] [SUCCESS] - Transactions History data loaded successfully!
[12:26:05] [SUCCESS] - Accounts data loaded successfully!
[12:26:05] [SUCCESS] - Client data loaded successfully!
[12:26:05] [SUCCESS] - Transactions History data loaded successfully!
[12:28:41] [SUCCESS] - Accounts data loaded successfully!
[12:28:41] [SUCCESS] - Client data loaded successfully!
[12:28:41] [SUCCESS] - Transactions History data loaded successfully!
[12:29:29] [SUCCESS] - Accounts data loaded successfully!
[12:29:29] [SUCCESS] - Client data loaded successfully!
[12:29:29] [SUCCESS] - Transactions History data loaded successfully!
[12:30:55] [SUCCESS] - Accounts data loaded successfully!
[12:30:55] [SUCCESS] - Client data loaded successfully!
[12:30:55] [SUCCESS] - Transactions History data loaded successfully!
[12:34:42] [SUCCESS] - Accounts data loaded successfully!
[12:34:42] [SUCCESS] - Client data loaded successfully!
[12:34:42] [SUCCESS] - Transactions History data loaded successfully!
[12:35:46] [SUCCESS] - Accounts data loaded successfully!
[12:35:46] [SUCCESS] - Client data loaded successfully!
[12:35:46] [SUCCESS] - Transactions History data loaded successfully!
[12:36:00] [SUCCESS] - Accounts data loaded successfully!
[12:36:00] [SUCCESS] - Client data loaded successfully!
[12:36:00] [SUCCESS] - Transactions History data loaded successfully!
[12:38:09] [SUCCESS] - Accounts data loaded successfully!
[12:38:09] [SUCCESS] - Client data loaded successfully!
[12:38:09] [SUCCESS] - Transactions History data loaded successfully!
[12:42:40] [SUCCESS] - Accounts data loaded successfully!
[12:42:40] [SUCCESS] - Client data loaded successfully!
[12:42:41] [SUCCESS] - Transactions History data loaded successfully!
[12:45:29] [SUCCESS] - Accounts data loaded successfully!
[12:45:29] [SUCCESS] - Client data loaded successfully!
[12:45:29] [SUCCESS] - Transactions History data loaded successfully!
[12:46:27] [SUCCESS] - Accounts data loaded successfully!
[12:46:27] [SUCCESS] - Client data loaded successfully!
[12:46:27] [SUCCESS] - Transactions History data loaded successfully!
[12:49:37] [SUCCESS] - Accounts data loaded successfully!
[12:49:37] [SUCCESS] - Client data loaded successfully!
[12:49:37] [SUCCESS] - Transactions History data loaded successfully!
[12:50:49] [SUCCESS] - Accounts data loaded successfully!
[12:50:49] [SUCCESS] - Client data loaded successfully!
[12:50:49] [SUCCESS] - Transactions History data loaded successfully!
[12:51:03] [SUCCESS] - Accounts data loaded successfully!
[12:51:03] [SUCCESS] - Client data loaded successfully!
[12:51:03] [SUCCESS] - Transactions History data loaded successfully!
[12:52:49] [SUCCESS] - Accounts data loaded successfully!
[12:52:49] [SUCCESS] - Client data loaded successfully!
[12:52:49] [SUCCESS] - Transactions History data loaded successfully!
[12:56:36] [SUCCESS] - Accounts data loaded successfully!
[12:56:36] [SUCCESS] - Client data loaded successfully!
[12:56:36] [SUCCESS] - Transactions History data loaded successfully!
[12:57:11] [SUCCESS] - Accounts data loaded successfully!
[12:57:11] [SUCCESS] - Client data loaded successfully!
[12:57:11] [SUCCESS] - Transactions History data loaded successfully!
[12:57:13] [SUCCESS] - Transactions History data loaded successfully!
[12:57:29] [INFO] - @ 'TransactionHistory' Object saved
[12:57:29] [SUCCESS] - @ 'TransactionHistory' Object with id: '4a35ce01-c6cb-43b1-b033-d944c65c39ed' added.
[12:57:29] [INFO] - @ 'Client' Object saved
[12:57:29] [SUCCESS] - @ 'Client' Updated object with id '71177c62-6814-47d2-83d9-d2df75ef5fde'
[12:57:29] [INFO] - @ 'Client' Object saved
[12:57:29] [SUCCESS] - @ 'Client' Updated object with id '71177c62-6814-47d2-83d9-d2df75ef5fde'
[12:57:29] [SUCCESS] - Transactions History data loaded successfully!
[12:57:34] [SUCCESS] - Client data loaded successfully!
[12:57:38] [SUCCESS] - Client data loaded successfully!
[12:58:27] [SUCCESS] - Accounts data loaded successfully!
[12:58:27] [SUCCESS] - Client data loaded successfully!
[12:58:27] [SUCCESS] - Transactions History data loaded successfully!
[12:58:28] [SUCCESS] - Transactions History data loaded successfully!
[12:59:01] [SUCCESS] - Accounts data loaded successfully!
[12:59:01] [SUCCESS] - Client data loaded successfully!
[12:59:01] [SUCCESS] - Transactions History data loaded successfully!
[12:59:02] [SUCCESS] - Transactions History data loaded successfully!
[12:59:36] [SUCCESS] - Transactions History data loaded successfully!
[12:59:36] [INFO] - @ 'TransactionHistory' Object saved
[12:59:36] [SUCCESS] - @ 'TransactionHistory' Object with id: 'e4f2f593-1712-4b74-a6fd-6cedb3a1bbf9' added.
[12:59:36] [INFO] - @ 'Client' Object saved
[12:59:36] [SUCCESS] - @ 'Client' Updated object with id '71177c62-6814-47d2-83d9-d2df75ef5fde'
[12:59:36] [INFO] - @ 'Client' Object saved
[12:59:36] [SUCCESS] - @ 'Client' Updated object with id 'fef43d08-f1de-4fb9-a098-e5a3ca6d90a1'
[12:59:36] [SUCCESS] - Transactions History data loaded successfully!
[12:59:39] [SUCCESS] - Client data loaded successfully!
[12:59:50] [SUCCESS] - Client data loaded successfully!
[14:10:17] [SUCCESS] - Accounts data loaded successfully!
[14:10:17] [SUCCESS] - Client data loaded successfully!
[14:10:17] [SUCCESS] - Transactions History data loaded successfully!
[14:10:19] [SUCCESS] - Transactions History data loaded successfully!
[14:10:55] [INFO] - @ 'TransactionHistory' Object saved
[14:10:55] [SUCCESS] - @ 'TransactionHistory' Object with id: '84303f45-ad34-4a33-84aa-d2964969c588' added.
[14:10:55] [INFO] - @ 'Client' Object saved
[14:10:55] [SUCCESS] - @ 'Client' Updated object with id '71177c62-6814-47d2-83d9-d2df75ef5fde'
[14:10:55] [INFO] - @ 'Client' Object saved
[14:10:55] [SUCCESS] - @ 'Client' Updated object with id '71177c62-6814-47d2-83d9-d2df75ef5fde'
[14:10:55] [SUCCESS] - Transactions History data loaded successfully!
[14:10:56] [SUCCESS] - Client data loaded successfully!
[14:12:48] [SUCCESS] - Accounts data loaded successfully!
[14:12:48] [SUCCESS] - Client data loaded successfully!
[14:12:48] [SUCCESS] - Transactions History data loaded successfully!
[14:13:00] [SUCCESS] - Accounts data loaded successfully!
[14:13:00] [SUCCESS] - Client data loaded successfully!
[14:13:00] [SUCCESS] - Transactions History data loaded successfully!
[14:13:01] [SUCCESS] - Transactions History data loaded successfully!
[14:18:16] [SUCCESS] - Accounts data loaded successfully!
[14:18:16] [SUCCESS] - Client data loaded successfully!
[14:18:16] [SUCCESS] - Transactions History data loaded successfully!
[14:18:18] [SUCCESS] - Transactions History data loaded successfully!
[14:19:08] [INFO] - @ 'TransactionHistory' Object saved
[14:19:08] [SUCCESS] - @ 'TransactionHistory' Object with id: '53613444-5898-4990-9e6b-be3801c52d1e' added.
[14:19:08] [INFO] - @ 'Client' Object saved
[14:19:08] [SUCCESS] - @ 'Client' Updated object with id '71177c62-6814-47d2-83d9-d2df75ef5fde'
[14:19:08] [INFO] - @ 'Client' Object saved
[14:19:08] [SUCCESS] - @ 'Client' Updated object with id 'fef43d08-f1de-4fb9-a098-e5a3ca6d90a1'
[14:19:08] [SUCCESS] - Transactions History data loaded successfully!
[14:19:12] [SUCCESS] - Client data loaded successfully!
[14:19:31] [INFO] - @ 'Client' Object saved
[14:19:31] [SUCCESS] - @ 'Client' Removed object with id '098f8f51-575d-4e45-ae78-f18838c9a386'
[14:38:11] [SUCCESS] - Accounts data loaded successfully!
[14:38:11] [SUCCESS] - Client data loaded successfully!
[14:38:11] [SUCCESS] - Transactions History data loaded successfully!
[14:38:13] [SUCCESS] - Transactions History data loaded successfully!
[14:39:11] [SUCCESS] - Accounts data loaded successfully!
[14:39:11] [SUCCESS] - Client data loaded successfully!
[14:39:11] [SUCCESS] - Transactions History data loaded successfully!
[14:39:13] [SUCCESS] - Transactions History data loaded successfully!
[14:41:51] [SUCCESS] - Accounts data loaded successfully!
[14:41:51] [SUCCESS] - Client data loaded successfully!
[14:41:51] [SUCCESS] - Transactions History data loaded successfully!
[14:41:53] [SUCCESS] - Transactions History data loaded successfully!
[14:47:56] [SUCCESS] - Accounts data loaded successfully!
[14:47:56] [SUCCESS] - Client data loaded successfully!
[14:47:56] [SUCCESS] - Transactions History data loaded successfully!
[14:47:57] [SUCCESS] - Transactions History data loaded successfully!
[14:50:00] [SUCCESS] - Accounts data loaded successfully!
[14:50:00] [SUCCESS] - Client data loaded successfully!
[14:50:00] [SUCCESS] - Transactions History data loaded successfully!
[14:50:02] [SUCCESS] - Transactions History data loaded successfully!
[14:50:37] [SUCCESS] - Accounts data loaded successfully!
[14:50:37] [SUCCESS] - Client data loaded successfully!
[14:50:37] [SUCCESS] - Transactions History data loaded successfully!
[14:50:38] [SUCCESS] - Transactions History data loaded successfully!
[14:52:11] [SUCCESS] - Accounts data loaded successfully!
[14:52:11] [SUCCESS] - Client data loaded successfully!
[14:52:11] [SUCCESS] - Transactions History data loaded successfully!
[14:53:12] [SUCCESS] - Accounts data loaded successfully!
[14:53:12] [SUCCESS] - Client data loaded successfully!
[14:53:12] [SUCCESS] - Transactions History data loaded successfully!
[14:53:59] [SUCCESS] - Accounts data loaded successfully!
[14:53:59] [SUCCESS] - Client data loaded successfully!
[14:53:59] [SUCCESS] - Transactions History data loaded successfully!
[14:55:41] [SUCCESS] - Accounts data loaded successfully!
[14:55:41] [SUCCESS] - Client data loaded successfully!
[14:55:41] [SUCCESS] - Transactions History data loaded successfully!
[14:56:47] [SUCCESS] - Accounts data loaded successfully!
[14:56:47] [SUCCESS] - Client data loaded successfully!
[14:56:47] [SUCCESS] - Transactions History data loaded successfully!
[14:56:49] [SUCCESS] - Transactions History data loaded successfully!
[14:57:08] [INFO] - @ 'TransactionHistory' Object saved
[14:57:08] [SUCCESS] - @ 'TransactionHistory' Object with id: 'e50c7651-ef88-43ca-8030-ddef95b1d07d' added.
[14:57:08] [INFO] - @ 'Client' Object saved
[14:57:08] [SUCCESS] - @ 'Client' Updated object with id '71177c62-6814-47d2-83d9-d2df75ef5fde'
[14:57:08] [INFO] - @ 'Client' Object saved
[14:57:08] [SUCCESS] - @ 'Client' Updated object with id '71177c62-6814-47d2-83d9-d2df75ef5fde'
[14:57:08] [SUCCESS] - Transactions History data loaded successfully!
[14:57:28] [INFO] - @ 'TransactionHistory' Object saved
[14:57:28] [SUCCESS] - @ 'TransactionHistory' Object with id: '98039ba9-2a3b-4815-8367-50389e724e5b' added.
[14:57:28] [INFO] - @ 'Client' Object saved
[14:57:28] [SUCCESS] - @ 'Client' Updated object with id '71177c62-6814-47d2-83d9-d2df75ef5fde'
[14:57:28] [INFO] - @ 'Client' Object saved
[14:57:28] [SUCCESS] - @ 'Client' Updated object with id '71177c62-6814-47d2-83d9-d2df75ef5fde'
[14:57:28] [SUCCESS] - Transactions History data loaded successfully!
[14:57:33] [SUCCESS] - Client data loaded successfully!
[15:09:41] [SUCCESS] - Accounts data loaded successfully!
[15:09:41] [SUCCESS] - Client data loaded successfully!
[15:09:42] [SUCCESS] - Transactions History data loaded successfully!
[15:09:44] [SUCCESS] - Transactions History data loaded successfully!
[15:12:21] [SUCCESS] - Accounts data loaded successfully!
[15:12:21] [SUCCESS] - Client data loaded successfully!
[15:12:21] [SUCCESS] - Transactions History data loaded successfully!
[15:12:22] [SUCCESS] - Transactions History data loaded successfully!
[15:12:42] [SUCCESS] - Accounts data loaded successfully!
[15:12:42] [SUCCESS] - Client data loaded successfully!
[15:12:42] [SUCCESS] - Transactions History data loaded successfully!
[15:12:43] [SUCCESS] - Transactions History data loaded successfully!
[15:13:10] [SUCCESS] - Accounts data loaded successfully!
[15:13:10] [SUCCESS] - Client data loaded successfully!
[15:13:10] [SUCCESS] - Transactions History data loaded successfully!
[15:13:11] [SUCCESS] - Transactions History data loaded successfully!
[15:14:43] [SUCCESS] - Accounts data loaded successfully!
[15:14:43] [SUCCESS] - Client data loaded successfully!
[15:14:43] [SUCCESS] - Transactions History data loaded successfully!
[15:14:44] [SUCCESS] - Transactions History data loaded successfully!
[15:16:10] [SUCCESS] - Accounts data loaded successfully!
[15:16:10] [SUCCESS] - Client data loaded successfully!
[15:16:10] [SUCCESS] - Transactions History data loaded successfully!
[15:16:11] [SUCCESS] - Transactions History data loaded successfully!
[15:16:45] [SUCCESS] - Accounts data loaded successfully!
[15:16:45] [SUCCESS] - Client data loaded successfully!
[15:16:45] [SUCCESS] - Transactions History data loaded successfully!
[15:16:47] [SUCCESS] - Transactions History data loaded successfully!
[15:16:58] [SUCCESS] - Accounts data loaded successfully!
[15:16:58] [SUCCESS] - Client data loaded successfully!
[15:16:58] [SUCCESS] - Transactions History data loaded successfully!
[15:17:00] [SUCCESS] - Transactions History data loaded successfully!
[15:18:15] [SUCCESS] - Accounts data loaded successfully!
[15:18:15] [SUCCESS] - Client data loaded successfully!
[15:18:15] [SUCCESS] - Transactions History data loaded successfully!
[15:18:17] [SUCCESS] - Transactions History data loaded successfully!
[15:19:03] [SUCCESS] - Accounts data loaded successfully!
[15:19:03] [SUCCESS] - Client data loaded successfully!
[15:19:03] [SUCCESS] - Transactions History data loaded successfully!
[15:19:04] [SUCCESS] - Transactions History data loaded successfully!
[15:23:44] [SUCCESS] - Accounts data loaded successfully!
[15:23:44] [SUCCESS] - Client data loaded successfully!
[15:23:44] [SUCCESS] - Transactions History data loaded successfully!
[15:23:46] [SUCCESS] - Transactions History data loaded successfully!
[15:25:26] [SUCCESS] - Accounts data loaded successfully!
[15:25:26] [SUCCESS] - Client data loaded successfully!
[15:25:26] [SUCCESS] - Transactions History data loaded successfully!
[15:25:27] [SUCCESS] - Transactions History data loaded successfully!
[15:27:05] [SUCCESS] - Accounts data loaded successfully!
[15:27:05] [SUCCESS] - Client data loaded successfully!
[15:27:05] [SUCCESS] - Transactions History data loaded successfully!
[15:27:06] [SUCCESS] - Transactions History data loaded successfully!
[15:28:13] [SUCCESS] - Accounts data loaded successfully!
[15:28:13] [SUCCESS] - Client data loaded successfully!
[15:28:13] [SUCCESS] - Transactions History data loaded successfully!
[15:28:15] [SUCCESS] - Transactions History data loaded successfully!
[15:28:45] [SUCCESS] - Accounts data loaded successfully!
[15:28:45] [SUCCESS] - Client data loaded successfully!
[15:28:46] [SUCCESS] - Transactions History data loaded successfully!
[15:28:47] [SUCCESS] - Transactions History data loaded successfully!
[15:29:08] [SUCCESS] - Accounts data loaded successfully!
[15:29:08] [SUCCESS] - Client data loaded successfully!
[15:29:08] [SUCCESS] - Transactions History data loaded successfully!
[15:29:10] [SUCCESS] - Transactions History data loaded successfully!
[15:34:23] [SUCCESS] - Accounts data loaded successfully!
[15:34:23] [SUCCESS] - Client data loaded successfully!
[15:34:23] [SUCCESS] - Transactions History data loaded successfully!
[15:34:24] [SUCCESS] - Transactions History data loaded successfully!
[15:35:17] [SUCCESS] - Accounts data loaded successfully!
[15:35:17] [SUCCESS] - Client data loaded successfully!
[15:35:17] [SUCCESS] - Transactions History data loaded successfully!
[15:35:19] [SUCCESS] - Transactions History data loaded successfully!
[15:36:48] [SUCCESS] - Accounts data loaded successfully!
[15:36:48] [SUCCESS] - Client data loaded successfully!
[15:36:48] [SUCCESS] - Transactions History data loaded successfully!
[15:36:50] [SUCCESS] - Transactions History data loaded successfully!
[15:39:22] [SUCCESS] - Accounts data loaded successfully!
[15:39:22] [SUCCESS] - Client data loaded successfully!
[15:39:22] [SUCCESS] - Transactions History data loaded successfully!
[15:39:24] [SUCCESS] - Transactions History data loaded successfully!
[15:40:01] [SUCCESS] - Accounts data loaded successfully!
[15:40:01] [SUCCESS] - Client data loaded successfully!
[15:40:01] [SUCCESS] - Transactions History data loaded successfully!
[15:40:02] [SUCCESS] - Transactions History data loaded successfully!
[15:41:18] [SUCCESS] - Accounts data loaded successfully!
[15:41:18] [SUCCESS] - Client data loaded successfully!
[15:41:18] [SUCCESS] - Transactions History data loaded successfully!
[15:41:19] [SUCCESS] - Transactions History data loaded successfully!
[15:41:21] [SUCCESS] - Transactions History data loaded successfully!
[15:41:23] [SUCCESS] - Transactions History data loaded successfully!
[15:41:25] [SUCCESS] - Transactions History data loaded successfully!
[15:41:27] [SUCCESS] - Transactions History data loaded successfully!
[15:41:29] [SUCCESS] - Transactions History data loaded successfully!
[15:48:14] [SUCCESS] - Accounts data loaded successfully!
[15:48:14] [SUCCESS] - Client data loaded successfully!
[15:48:14] [SUCCESS] - Transactions History data loaded successfully!
[15:48:15] [SUCCESS] - Transactions History data loaded successfully!
[15:50:42] [SUCCESS] - Accounts data loaded successfully!
[15:50:42] [SUCCESS] - Client data loaded successfully!
[15:50:42] [SUCCESS] - Transactions History data loaded successfully!
[15:50:48] [SUCCESS] - Accounts data loaded successfully!
[15:50:48] [SUCCESS] - Client data loaded successfully!
[15:50:48] [SUCCESS] - Transactions History data loaded successfully!
[15:51:39] [SUCCESS] - Accounts data loaded successfully!
[15:51:39] [SUCCESS] - Client data loaded successfully!
[15:51:39] [SUCCESS] - Transactions History data loaded successfully!
[15:53:33] [SUCCESS] - Accounts data loaded successfully!
[15:53:33] [SUCCESS] - Client data loaded successfully!
[15:53:33] [SUCCESS] - Transactions History data loaded successfully!
[15:53:34] [SUCCESS] - Transactions History data loaded successfully!
[15:53:37] [SUCCESS] - Accounts data loaded successfully!
[15:53:37] [SUCCESS] - Client data loaded successfully!
[15:53:37] [SUCCESS] - Transactions History data loaded successfully!
[15:53:39] [SUCCESS] - Transactions History data loaded successfully!
[15:54:12] [SUCCESS] - Transactions History data loaded successfully!
[15:54:33] [INFO] - @ 'TransactionHistory' Object saved
[15:54:33] [SUCCESS] - @ 'TransactionHistory' Object with id: 'e68e0fe0-aeb8-46c6-b657-9ae7eef0e950' added.
[15:54:33] [INFO] - @ 'Client' Object saved
[15:54:33] [SUCCESS] - @ 'Client' Updated object with id '71177c62-6814-47d2-83d9-d2df75ef5fde'
[15:54:33] [INFO] - @ 'Client' Object saved
[15:54:33] [SUCCESS] - @ 'Client' Updated object with id '71177c62-6814-47d2-83d9-d2df75ef5fde'
[15:54:33] [SUCCESS] - Transactions History data loaded successfully!
[15:54:33] [SUCCESS] - Transactions History data loaded successfully!
[15:54:35] [SUCCESS] - Client data loaded successfully!
[15:54:42] [SUCCESS] - Client data loaded successfully!
[15:54:50] [SUCCESS] - Accounts data loaded successfully!
[15:54:50] [SUCCESS] - Client data loaded successfully!
[15:54:50] [SUCCESS] - Transactions History data loaded successfully!
[15:54:56] [SUCCESS] - Client data loaded successfully!
[15:55:07] [INFO] - @ 'TransactionHistory' Object saved
[15:55:07] [SUCCESS] - @ 'TransactionHistory' Object with id: 'be6f4504-c30a-4020-a2fc-aafdc31da5f0' added.
[15:55:07] [INFO] - @ 'Client' Object saved
[15:55:07] [SUCCESS] - @ 'Client' Updated object with id '71177c62-6814-47d2-83d9-d2df75ef5fde'
[15:55:07] [INFO] - @ 'Client' Object saved
[15:55:07] [SUCCESS] - @ 'Client' Updated object with id '71177c62-6814-47d2-83d9-d2df75ef5fde'
[15:55:08] [SUCCESS] - Client data loaded successfully!
[15:55:15] [SUCCESS] - Client data loaded successfully!
[15:55:18] [SUCCESS] - Client data loaded successfully!
[15:55:29] [INFO] - @ 'TransactionHistory' Object saved
[15:55:29] [SUCCESS] - @ 'TransactionHistory' Object with id: '6d03186c-5e8c-4e2a-b9e1-6e75420c3f0e' added.
[15:55:29] [INFO] - @ 'Client' Object saved
[15:55:29] [SUCCESS] - @ 'Client' Updated object with id '71177c62-6814-47d2-83d9-d2df75ef5fde'
[15:55:29] [INFO] - @ 'Client' Object saved
[15:55:29] [SUCCESS] - @ 'Client' Updated object with id '71177c62-6814-47d2-83d9-d2df75ef5fde'
[15:55:31] [SUCCESS] - Client data loaded successfully!
[15:55:40] [SUCCESS] - Client data loaded successfully!
[15:55:44] [SUCCESS] - Transactions History data loaded successfully!
[15:59:38] [SUCCESS] - Accounts data loaded successfully!
[15:59:38] [SUCCESS] - Client data loaded successfully!
[15:59:38] [SUCCESS] - Transactions History data loaded successfully!
[15:59:45] [SUCCESS] - Transactions History data loaded successfully!
[16:00:00] [SUCCESS] - Accounts data loaded successfully!
[16:00:00] [SUCCESS] - Client data loaded successfully!
[16:00:00] [SUCCESS] - Transactions History data loaded successfully!
[16:00:02] [SUCCESS] - Transactions History data loaded successfully!
[16:00:20] [SUCCESS] - Accounts data loaded successfully!
[16:00:20] [SUCCESS] - Client data loaded successfully!
[16:00:20] [SUCCESS] - Transactions History data loaded successfully!
[16:00:22] [SUCCESS] - Transactions History data loaded successfully!
[16:00:56] [SUCCESS] - Accounts data loaded successfully!
[16:00:56] [SUCCESS] - Client data loaded successfully!
[16:00:57] [SUCCESS] - Transactions History data loaded successfully!
[16:01:02] [SUCCESS] - Transactions History data loaded successfully!
[16:02:32] [SUCCESS] - Accounts data loaded successfully!
[16:02:32] [SUCCESS] - Client data loaded successfully!
[16:02:32] [SUCCESS] - Transactions History data loaded successfully!
[16:02:34] [SUCCESS] - Transactions History data loaded successfully!
[16:04:41] [SUCCESS] - Accounts data loaded successfully!
[16:04:41] [SUCCESS] - Client data loaded successfully!
[16:04:41] [SUCCESS] - Transactions History data loaded successfully!
[16:04:46] [SUCCESS] - Transactions History data loaded successfully!
[16:05:24] [SUCCESS] - Accounts data loaded successfully!
[16:05:24] [SUCCESS] - Client data loaded successfully!
[16:05:24] [SUCCESS] - Transactions History data loaded successfully!
[16:05:26] [SUCCESS] - Transactions History data loaded successfully!
[16:07:28] [SUCCESS] - Accounts data loaded successfully!
[16:07:28] [SUCCESS] - Client data loaded successfully!
[16:07:28] [SUCCESS] - Transactions History data loaded successfully!
[16:07:30] [SUCCESS] - Transactions History data loaded successfully!
[16:10:47] [SUCCESS] - Accounts data loaded successfully!
[16:10:47] [SUCCESS] - Client data loaded successfully!
[16:10:47] [SUCCESS] - Transactions History data loaded successfully!
[16:10:52] [SUCCESS] - Transactions History data loaded successfully!
[16:12:09] [SUCCESS] - Accounts data loaded successfully!
[16:12:09] [SUCCESS] - Client data loaded successfully!
[16:12:09] [SUCCESS] - Transactions History data loaded successfully!
[16:12:14] [SUCCESS] - Transactions History data loaded successfully!
[16:12:52] [SUCCESS] - Accounts data loaded successfully!
[16:12:52] [SUCCESS] - Client data loaded successfully!
[16:12:52] [SUCCESS] - Transactions History data loaded successfully!
[16:12:58] [SUCCESS] - Transactions History data loaded successfully!
[16:13:59] [SUCCESS] - Accounts data loaded successfully!
[16:13:59] [SUCCESS] - Client data loaded successfully!
[16:13:59] [SUCCESS] - Transactions History data loaded successfully!
[16:14:00] [SUCCESS] - Transactions History data loaded successfully!
[16:14:06] [INFO] - @ 'Client' Object saved
[16:14:06] [SUCCESS] - @ 'Client' Object with id: '623bf3c0-3085-4728-a10b-b75b94293e82' added.
[16:14:12] [INFO] - @ 'Client' Object saved
[16:14:12] [SUCCESS] - @ 'Client' Updated object with id '623bf3c0-3085-4728-a10b-b75b94293e82'
[16:14:14] [INFO] - @ 'Client' Object saved
[16:14:14] [SUCCESS] - @ 'Client' Updated object with id '623bf3c0-3085-4728-a10b-b75b94293e82'
[16:14:15] [INFO] - @ 'Client' Object saved
[16:14:15] [SUCCESS] - @ 'Client' Updated object with id '623bf3c0-3085-4728-a10b-b75b94293e82'
[16:14:20] [INFO] - @ 'Client' Object saved
[16:14:20] [SUCCESS] - @ 'Client' Updated object with id '623bf3c0-3085-4728-a10b-b75b94293e82'
[16:14:24] [INFO] - @ 'Client' Object saved
[16:14:24] [SUCCESS] - @ 'Client' Updated object with id '623bf3c0-3085-4728-a10b-b75b94293e82'
[16:14:32] [INFO] - @ 'Client' Object saved
[16:14:32] [SUCCESS] - @ 'Client' Updated object with id '623bf3c0-3085-4728-a10b-b75b94293e82'
[16:14:34] [INFO] - @ 'Client' Object saved
[16:14:34] [SUCCESS] - @ 'Client' Updated object with id '623bf3c0-3085-4728-a10b-b75b94293e82'
[16:14:38] [INFO] - @ 'Client' Object saved
[16:14:38] [SUCCESS] - @ 'Client' Updated object with id '623bf3c0-3085-4728-a10b-b75b94293e82'
[16:14:44] [INFO] - @ 'TransactionHistory' Object saved
[16:14:44] [SUCCESS] - @ 'TransactionHistory' Object with id: '06a064f3-1212-47c4-b7f1-74f52854439d' added.
[16:14:44] [INFO] - @ 'Client' Object saved
[16:14:44] [SUCCESS] - @ 'Client' Updated object with id '623bf3c0-3085-4728-a10b-b75b94293e82'
[16:14:44] [SUCCESS] - Transactions History data loaded successfully!
[16:14:45] [SUCCESS] - Client data loaded successfully!
[16:14:49] [SUCCESS] - Transactions History data loaded successfully!
[16:15:01] [INFO] - @ 'TransactionHistory' Object saved
[16:15:01] [SUCCESS] - @ 'TransactionHistory' Object with id: '7b4da420-76f8-413b-b008-9969d44c8fd7' added.
[16:15:01] [INFO] - @ 'Client' Object saved
[16:15:01] [SUCCESS] - @ 'Client' Updated object with id '623bf3c0-3085-4728-a10b-b75b94293e82'
[16:15:01] [INFO] - @ 'Client' Object saved
[16:15:01] [SUCCESS] - @ 'Client' Updated object with id '623bf3c0-3085-4728-a10b-b75b94293e82'
[16:15:01] [SUCCESS] - Transactions History data loaded successfully!
[16:15:01] [SUCCESS] - Transactions History data loaded successfully!
[16:15:05] [SUCCESS] - Client data loaded successfully!
[16:15:16] [INFO] - @ 'Client' Object saved
[16:15:16] [SUCCESS] - @ 'Client' Updated object with id 'fef43d08-f1de-4fb9-a098-e5a3ca6d90a1'
[16:16:47] [SUCCESS] - Accounts data loaded successfully!
[16:16:47] [SUCCESS] - Client data loaded successfully!
[16:16:47] [SUCCESS] - Transactions History data loaded successfully!
[16:16:52] [SUCCESS] - Transactions History data loaded successfully!
