[10:37:54] [FATAL] - @ 'Client' File not found: data/Client.dat (No such file or directory)
[10:38:42] [FATAL] - @ 'Client' File not found: data/Client.dat (No such file or directory)
[13:07:46] [WARN] - @ 'Client' Tried to add repeated object with id '1445bbf0-32cd-490d-a50c-0ae42d5f6572'
[13:07:55] [WARN] - @ 'Client' Tried to add repeated object with id 'bd4a61e3-15ad-4609-93a1-25fbc4dc3de2'
[13:16:24] [WARN] - @ 'Client' Tried to add repeated object with id '93af37b3-98e1-4c1a-b356-b5b81fb27525'
[13:18:05] [WARN] - @ 'Client' Tried to add repeated object with id '70145c84-dbcb-43b8-9712-9b9ce5e03941'
[13:22:13] [INFO] - @ 'Client' Object saved
[13:22:13] [SUCCESS] - @ 'Client' Object with id: '87111b74-b49f-49c4-8297-69ecc21c6935' added.
[13:31:14] [INFO] - @ 'Client' Object saved
[13:31:14] [SUCCESS] - @ 'Client' Removed object with id '87111b74-b49f-49c4-8297-69ecc21c6935'
[13:31:15] [INFO] - @ 'Client' Object saved
[13:31:15] [SUCCESS] - @ 'Client' Object with id: '354b8fa2-3707-43c4-b0c7-db3687be164f' added.
[13:31:18] [INFO] - @ 'Client' Object saved
[13:31:18] [SUCCESS] - @ 'Client' Updated object with id '354b8fa2-3707-43c4-b0c7-db3687be164f'
[13:31:21] [INFO] - @ 'Client' Object saved
[13:31:21] [SUCCESS] - @ 'Client' Updated object with id '354b8fa2-3707-43c4-b0c7-db3687be164f'
[13:31:23] [INFO] - @ 'Client' Object saved
[13:31:23] [SUCCESS] - @ 'Client' Updated object with id '354b8fa2-3707-43c4-b0c7-db3687be164f'
[13:31:43] [INFO] - @ 'Client' Object saved
[13:31:43] [SUCCESS] - @ 'Client' Updated object with id '354b8fa2-3707-43c4-b0c7-db3687be164f'
[13:31:46] [INFO] - @ 'Client' Object saved
[13:31:46] [SUCCESS] - @ 'Client' Updated object with id '354b8fa2-3707-43c4-b0c7-db3687be164f'
[13:34:39] [INFO] - @ 'Client' Object saved
[13:34:39] [SUCCESS] - @ 'Client' Updated object with id '354b8fa2-3707-43c4-b0c7-db3687be164f'
[13:34:49] [INFO] - @ 'Client' Object saved
[13:34:49] [SUCCESS] - @ 'Client' Updated object with id '354b8fa2-3707-43c4-b0c7-db3687be164f'
[13:34:53] [INFO] - @ 'Client' Object saved
[13:34:53] [SUCCESS] - @ 'Client' Updated object with id '354b8fa2-3707-43c4-b0c7-db3687be164f'
[13:43:09] [INFO] - @ 'Client' Object saved
[13:43:09] [SUCCESS] - @ 'Client' Updated object with id '799193bf-b675-491c-adc9-a186cda34cb3'
[13:43:47] [INFO] - @ 'Client' Object saved
[13:43:47] [SUCCESS] - @ 'Client' Updated object with id '799193bf-b675-491c-adc9-a186cda34cb3'
[13:44:17] [INFO] - @ 'Client' Object saved
[13:44:17] [SUCCESS] - @ 'Client' Updated object with id '799193bf-b675-491c-adc9-a186cda34cb3'
[13:50:21] [INFO] - @ 'Client' Object saved
[13:50:21] [SUCCESS] - @ 'Client' Updated object with id '799193bf-b675-491c-adc9-a186cda34cb3'
[13:57:38] [FATAL] - @ 'TransactionHistory' File not found: data/TransactionHistory.dat (No such file or directory)
[14:33:48] [FATAL] - @ 'TransactionHistory' File not found: data/TransactionHistory.dat (No such file or directory)
[14:35:09] [INFO] - @ 'Client' Object saved
[14:35:09] [SUCCESS] - @ 'Client' Object with id: '4c644543-ea0f-4236-aec2-010e05e92882' added.
[14:35:14] [INFO] - @ 'Client' Object saved
[14:35:14] [SUCCESS] - @ 'Client' Updated object with id '4c644543-ea0f-4236-aec2-010e05e92882'
[14:35:19] [INFO] - @ 'Client' Object saved
[14:35:19] [SUCCESS] - @ 'Client' Updated object with id '4c644543-ea0f-4236-aec2-010e05e92882'
[14:35:22] [INFO] - @ 'Client' Object saved
[14:35:22] [SUCCESS] - @ 'Client' Updated object with id '4c644543-ea0f-4236-aec2-010e05e92882'
[14:35:27] [INFO] - @ 'Client' Object saved
[14:35:27] [SUCCESS] - @ 'Client' Updated object with id '4c644543-ea0f-4236-aec2-010e05e92882'
[14:35:31] [INFO] - @ 'Client' Object saved
[14:35:31] [SUCCESS] - @ 'Client' Updated object with id '4c644543-ea0f-4236-aec2-010e05e92882'
[14:41:20] [INFO] - @ 'Client' Object saved
[14:41:20] [SUCCESS] - @ 'Client' Removed object with id '4c644543-ea0f-4236-aec2-010e05e92882'
[15:17:13] [FATAL] - @ 'Client' IOException | ClassNotFoundException: mateourrutia.Domain.Account; local class incompatible: stream classdesc serialVersionUID = 916179890733845794, local class serialVersionUID = 259116497649009321
[15:17:59] [FATAL] - @ 'Client' IOException | ClassNotFoundException: mateourrutia.Domain.Account; local class incompatible: stream classdesc serialVersionUID = 916179890733845794, local class serialVersionUID = 259116497649009321
[15:19:46] [FATAL] - @ 'Client' File not found: data/Client.dat (No such file or directory)
[15:19:48] [FATAL] - @ 'Client' File not found: data/Client.dat (No such file or directory)
[15:19:50] [FATAL] - @ 'Client' File not found: data/Client.dat (No such file or directory)
[15:19:50] [FATAL] - @ 'Client' File not found: data/Client.dat (No such file or directory)
[15:19:50] [INFO] - @ 'Client' Object saved
[15:19:50] [SUCCESS] - @ 'Client' Object with id: '9c8eb53a-b619-4bc7-b51c-469514f2e597' added.
[15:19:58] [INFO] - @ 'Client' Object saved
[15:19:58] [SUCCESS] - @ 'Client' Updated object with id '9c8eb53a-b619-4bc7-b51c-469514f2e597'
[15:20:01] [INFO] - @ 'Client' Object saved
[15:20:01] [SUCCESS] - @ 'Client' Updated object with id '9c8eb53a-b619-4bc7-b51c-469514f2e597'
[15:20:03] [INFO] - @ 'Client' Object saved
[15:20:03] [SUCCESS] - @ 'Client' Updated object with id '9c8eb53a-b619-4bc7-b51c-469514f2e597'
[15:20:08] [INFO] - @ 'Client' Object saved
[15:20:08] [SUCCESS] - @ 'Client' Updated object with id '9c8eb53a-b619-4bc7-b51c-469514f2e597'
[15:20:13] [INFO] - @ 'Client' Object saved
[15:20:13] [SUCCESS] - @ 'Client' Updated object with id '9c8eb53a-b619-4bc7-b51c-469514f2e597'
[15:20:19] [INFO] - @ 'Client' Object saved
[15:20:19] [SUCCESS] - @ 'Client' Updated object with id '9c8eb53a-b619-4bc7-b51c-469514f2e597'
[15:20:21] [INFO] - @ 'Client' Object saved
[15:20:21] [SUCCESS] - @ 'Client' Object with id: '1e9ba935-f490-404e-8652-8fbceb6bf586' added.
[15:20:23] [INFO] - @ 'Client' Object saved
[15:20:23] [SUCCESS] - @ 'Client' Updated object with id '9c8eb53a-b619-4bc7-b51c-469514f2e597'
[15:20:25] [INFO] - @ 'Client' Object saved
[15:20:25] [SUCCESS] - @ 'Client' Updated object with id '1e9ba935-f490-404e-8652-8fbceb6bf586'
[15:20:27] [INFO] - @ 'Client' Object saved
[15:20:27] [SUCCESS] - @ 'Client' Updated object with id '1e9ba935-f490-404e-8652-8fbceb6bf586'
[15:20:30] [INFO] - @ 'Client' Object saved
[15:20:30] [SUCCESS] - @ 'Client' Updated object with id '1e9ba935-f490-404e-8652-8fbceb6bf586'
[15:20:32] [INFO] - @ 'Client' Object saved
[15:20:32] [SUCCESS] - @ 'Client' Updated object with id '1e9ba935-f490-404e-8652-8fbceb6bf586'
[15:20:35] [INFO] - @ 'Client' Object saved
[15:20:35] [SUCCESS] - @ 'Client' Updated object with id '1e9ba935-f490-404e-8652-8fbceb6bf586'
[15:20:42] [INFO] - @ 'Client' Object saved
[15:20:42] [SUCCESS] - @ 'Client' Updated object with id '1e9ba935-f490-404e-8652-8fbceb6bf586'
[15:20:45] [INFO] - @ 'Client' Object saved
[15:20:45] [SUCCESS] - @ 'Client' Updated object with id '1e9ba935-f490-404e-8652-8fbceb6bf586'
[15:43:22] [FATAL] - @ 'Client' IOException: mateourrutia.Domain.Cryptocurrency
[15:43:22] [SUCCESS] - @ 'Client' Updated object with id '9c8eb53a-b619-4bc7-b51c-469514f2e597'
[15:43:22] [FATAL] - @ 'Client' IOException | ClassNotFoundException: writing aborted; java.io.NotSerializableException: mateourrutia.Domain.Cryptocurrency
[15:44:09] [FATAL] - @ 'Client' IOException | ClassNotFoundException: writing aborted; java.io.NotSerializableException: mateourrutia.Domain.Cryptocurrency
[15:45:51] [FATAL] - @ 'Client' IOException | ClassNotFoundException: writing aborted; java.io.NotSerializableException: mateourrutia.Domain.Cryptocurrency
[15:47:07] [FATAL] - @ 'Client' IOException | ClassNotFoundException: writing aborted; java.io.NotSerializableException: mateourrutia.Domain.Cryptocurrency
[15:47:24] [FATAL] - @ 'Client' File not found: data/Client.dat (No such file or directory)
[15:47:37] [FATAL] - @ 'Client' File not found: data/Client.dat (No such file or directory)
[15:47:38] [FATAL] - @ 'Client' File not found: data/Client.dat (No such file or directory)
[15:47:40] [FATAL] - @ 'Client' File not found: data/Client.dat (No such file or directory)
[15:47:40] [FATAL] - @ 'Client' File not found: data/Client.dat (No such file or directory)
[15:47:40] [INFO] - @ 'Client' Object saved
[15:47:40] [SUCCESS] - @ 'Client' Object with id: '2ecc2b34-c95e-4f24-86e9-2b542c3ccb7d' added.
[15:47:43] [INFO] - @ 'Client' Object saved
[15:47:43] [SUCCESS] - @ 'Client' Updated object with id '2ecc2b34-c95e-4f24-86e9-2b542c3ccb7d'
[15:47:47] [INFO] - @ 'Client' Object saved
[15:47:47] [SUCCESS] - @ 'Client' Updated object with id '2ecc2b34-c95e-4f24-86e9-2b542c3ccb7d'
[15:47:48] [INFO] - @ 'Client' Object saved
[15:47:48] [SUCCESS] - @ 'Client' Updated object with id '2ecc2b34-c95e-4f24-86e9-2b542c3ccb7d'
[15:47:52] [INFO] - @ 'Client' Object saved
[15:47:52] [SUCCESS] - @ 'Client' Updated object with id '2ecc2b34-c95e-4f24-86e9-2b542c3ccb7d'
[15:47:56] [INFO] - @ 'Client' Object saved
[15:47:56] [SUCCESS] - @ 'Client' Updated object with id '2ecc2b34-c95e-4f24-86e9-2b542c3ccb7d'
[15:48:01] [INFO] - @ 'Client' Object saved
[15:48:01] [SUCCESS] - @ 'Client' Updated object with id '2ecc2b34-c95e-4f24-86e9-2b542c3ccb7d'
[15:48:11] [INFO] - @ 'Client' Object saved
[15:48:11] [SUCCESS] - @ 'Client' Updated object with id '2ecc2b34-c95e-4f24-86e9-2b542c3ccb7d'
[15:54:00] [INFO] - @ 'Client' Object saved
[15:54:00] [SUCCESS] - @ 'Client' Updated object with id '2ecc2b34-c95e-4f24-86e9-2b542c3ccb7d'
[16:07:53] [INFO] - @ 'Client' Object saved
[16:07:53] [SUCCESS] - @ 'Client' Object with id: 'd2be36cb-7212-42da-bd2f-985a9c34441a' added.
[16:07:59] [INFO] - @ 'Client' Object saved
[16:07:59] [SUCCESS] - @ 'Client' Updated object with id 'd2be36cb-7212-42da-bd2f-985a9c34441a'
[16:08:02] [INFO] - @ 'Client' Object saved
[16:08:02] [SUCCESS] - @ 'Client' Updated object with id 'd2be36cb-7212-42da-bd2f-985a9c34441a'
[16:08:10] [INFO] - @ 'Client' Object saved
[16:08:10] [SUCCESS] - @ 'Client' Updated object with id 'd2be36cb-7212-42da-bd2f-985a9c34441a'
[16:08:15] [INFO] - @ 'Client' Object saved
[16:08:15] [SUCCESS] - @ 'Client' Updated object with id 'd2be36cb-7212-42da-bd2f-985a9c34441a'
[16:08:19] [INFO] - @ 'Client' Object saved
[16:08:19] [SUCCESS] - @ 'Client' Updated object with id 'd2be36cb-7212-42da-bd2f-985a9c34441a'
