[11:28:42] [SUCCESS] - Client data loaded successfully!
[11:28:42] [SUCCESS] - Client data loaded successfully!
[11:28:55] [INFO] - @ 'Client' Object saved
[11:28:55] [SUCCESS] - @ 'Client' Updated object with id '3583282e-50cd-49a8-8da2-bbf85e3cbb1a'
[11:28:55] [SUCCESS] - Client data loaded successfully!
[11:29:00] [INFO] - @ 'Client' Object saved
[11:29:00] [SUCCESS] - @ 'Client' Updated object with id '3583282e-50cd-49a8-8da2-bbf85e3cbb1a'
[11:29:00] [SUCCESS] - Client data loaded successfully!
[11:29:03] [INFO] - @ 'Client' Object saved
[11:29:03] [SUCCESS] - @ 'Client' Updated object with id '3583282e-50cd-49a8-8da2-bbf85e3cbb1a'
[11:29:03] [SUCCESS] - Client data loaded successfully!
[11:29:05] [INFO] - @ 'Client' Object saved
[11:29:05] [SUCCESS] - @ 'Client' Updated object with id '3583282e-50cd-49a8-8da2-bbf85e3cbb1a'
[11:29:05] [SUCCESS] - Client data loaded successfully!
[11:29:07] [INFO] - @ 'Client' Object saved
[11:29:07] [SUCCESS] - @ 'Client' Updated object with id '3583282e-50cd-49a8-8da2-bbf85e3cbb1a'
[11:29:08] [SUCCESS] - Client data loaded successfully!
[11:29:09] [INFO] - @ 'Client' Object saved
[11:29:09] [SUCCESS] - @ 'Client' Updated object with id '3583282e-50cd-49a8-8da2-bbf85e3cbb1a'
[11:29:09] [SUCCESS] - Client data loaded successfully!
[11:29:11] [INFO] - @ 'Client' Object saved
[11:29:11] [SUCCESS] - @ 'Client' Updated object with id '3583282e-50cd-49a8-8da2-bbf85e3cbb1a'
[11:29:11] [SUCCESS] - Client data loaded successfully!
[11:29:13] [INFO] - @ 'Client' Object saved
[11:29:13] [SUCCESS] - @ 'Client' Updated object with id '3583282e-50cd-49a8-8da2-bbf85e3cbb1a'
[11:29:13] [SUCCESS] - Client data loaded successfully!
[11:29:15] [INFO] - @ 'Client' Object saved
[11:29:15] [SUCCESS] - @ 'Client' Updated object with id '3583282e-50cd-49a8-8da2-bbf85e3cbb1a'
[11:29:15] [SUCCESS] - Client data loaded successfully!
[11:43:45] [SUCCESS] - Client data loaded successfully!
[11:43:45] [SUCCESS] - Client data loaded successfully!
[11:43:58] [FATAL] - @ 'TransactionHistory' File not found: data/TransactionHistory.B64 (No such file or directory)
[11:43:58] [FATAL] - @ 'TransactionHistory' File not found: data/TransactionHistory.B64 (No such file or directory)
[11:43:58] [INFO] - @ 'TransactionHistory' Object saved
[11:43:58] [SUCCESS] - @ 'TransactionHistory' Object with id: '6cc11f2d-1b71-430f-be51-7c60e527e8ac' added.
[11:43:58] [INFO] - @ 'Client' Object saved
[11:43:58] [SUCCESS] - @ 'Client' Updated object with id '3583282e-50cd-49a8-8da2-bbf85e3cbb1a'
[11:43:58] [SUCCESS] - Client data loaded successfully!
[11:44:12] [INFO] - @ 'TransactionHistory' Object saved
[11:44:12] [SUCCESS] - @ 'TransactionHistory' Object with id: '2db833f9-72ca-4217-af9d-5e57d94994ef' added.
[11:44:12] [INFO] - @ 'Client' Object saved
[11:44:12] [SUCCESS] - @ 'Client' Updated object with id '3583282e-50cd-49a8-8da2-bbf85e3cbb1a'
[11:44:12] [SUCCESS] - Client data loaded successfully!
[11:44:23] [INFO] - @ 'Client' Object saved
[11:44:23] [SUCCESS] - @ 'Client' Updated object with id '3583282e-50cd-49a8-8da2-bbf85e3cbb1a'
[11:44:23] [SUCCESS] - Client data loaded successfully!
[11:44:29] [INFO] - @ 'TransactionHistory' Object saved
[11:44:29] [SUCCESS] - @ 'TransactionHistory' Object with id: 'dd2c4ac6-4d4f-4f83-a73a-0e8d765e8701' added.
[11:44:29] [INFO] - @ 'Client' Object saved
[11:44:29] [SUCCESS] - @ 'Client' Updated object with id '3583282e-50cd-49a8-8da2-bbf85e3cbb1a'
[11:44:29] [SUCCESS] - Client data loaded successfully!
[11:44:45] [INFO] - @ 'TransactionHistory' Object saved
[11:44:45] [SUCCESS] - @ 'TransactionHistory' Object with id: '1d7aff73-6b83-4c9a-a67c-7f455dc4d317' added.
[11:44:45] [INFO] - @ 'Client' Object saved
[11:44:45] [SUCCESS] - @ 'Client' Updated object with id '3583282e-50cd-49a8-8da2-bbf85e3cbb1a'
[11:44:45] [SUCCESS] - Client data loaded successfully!
[11:50:50] [SUCCESS] - Client data loaded successfully!
[11:50:50] [SUCCESS] - Client data loaded successfully!
[11:51:01] [INFO] - @ 'TransactionHistory' Object saved
[11:51:01] [SUCCESS] - @ 'TransactionHistory' Object with id: '4c3a64e3-7c99-46c8-b746-70cec478d6d8' added.
[11:51:01] [INFO] - @ 'Client' Object saved
[11:51:01] [SUCCESS] - @ 'Client' Updated object with id '3583282e-50cd-49a8-8da2-bbf85e3cbb1a'
[11:51:01] [SUCCESS] - Client data loaded successfully!
[11:51:09] [INFO] - @ 'TransactionHistory' Object saved
[11:51:09] [SUCCESS] - @ 'TransactionHistory' Object with id: '4be47f20-cbca-48e4-b68f-86001fb8ac5c' added.
[11:51:09] [INFO] - @ 'Client' Object saved
[11:51:09] [SUCCESS] - @ 'Client' Updated object with id '3583282e-50cd-49a8-8da2-bbf85e3cbb1a'
[11:51:09] [SUCCESS] - Client data loaded successfully!
[11:51:24] [SUCCESS] - Client data loaded successfully!
[11:51:24] [SUCCESS] - Client data loaded successfully!
[11:51:31] [INFO] - @ 'TransactionHistory' Object saved
[11:51:31] [SUCCESS] - @ 'TransactionHistory' Object with id: '3881e5b7-af19-485f-8a79-bb575cd87248' added.
[11:51:31] [INFO] - @ 'Client' Object saved
[11:51:31] [SUCCESS] - @ 'Client' Updated object with id '3583282e-50cd-49a8-8da2-bbf85e3cbb1a'
[11:51:31] [SUCCESS] - Client data loaded successfully!
[11:51:46] [SUCCESS] - Client data loaded successfully!
[11:51:46] [SUCCESS] - Client data loaded successfully!
[11:55:26] [SUCCESS] - Client data loaded successfully!
[11:55:26] [SUCCESS] - Client data loaded successfully!
[11:55:32] [INFO] - @ 'TransactionHistory' Object saved
[11:55:32] [SUCCESS] - @ 'TransactionHistory' Object with id: '7548a108-019a-468e-92d2-57d154130375' added.
[11:55:32] [INFO] - @ 'Client' Object saved
[11:55:32] [SUCCESS] - @ 'Client' Updated object with id '3583282e-50cd-49a8-8da2-bbf85e3cbb1a'
[11:55:32] [SUCCESS] - Client data loaded successfully!
[11:57:06] [SUCCESS] - Client data loaded successfully!
[11:57:06] [SUCCESS] - Client data loaded successfully!
[11:57:19] [INFO] - @ 'TransactionHistory' Object saved
[11:57:19] [SUCCESS] - @ 'TransactionHistory' Object with id: '5b727959-310c-41aa-a095-426fcd647268' added.
[11:57:19] [INFO] - @ 'Client' Object saved
[11:57:19] [SUCCESS] - @ 'Client' Updated object with id '3583282e-50cd-49a8-8da2-bbf85e3cbb1a'
[11:57:19] [SUCCESS] - Client data loaded successfully!
[11:57:43] [SUCCESS] - Client data loaded successfully!
[11:57:43] [SUCCESS] - Client data loaded successfully!
[11:58:25] [SUCCESS] - Client data loaded successfully!
[11:58:25] [SUCCESS] - Client data loaded successfully!
[11:58:30] [INFO] - @ 'TransactionHistory' Object saved
[11:58:30] [SUCCESS] - @ 'TransactionHistory' Object with id: '7c91b35e-f3aa-46dc-bbf9-c1a66890082b' added.
[11:58:30] [INFO] - @ 'Client' Object saved
[11:58:30] [SUCCESS] - @ 'Client' Updated object with id '3583282e-50cd-49a8-8da2-bbf85e3cbb1a'
[11:58:30] [SUCCESS] - Client data loaded successfully!
[11:58:39] [INFO] - @ 'TransactionHistory' Object saved
[11:58:39] [SUCCESS] - @ 'TransactionHistory' Object with id: '9b0dd3e0-0bb9-410f-91bd-299feca29528' added.
[11:58:39] [INFO] - @ 'Client' Object saved
[11:58:39] [SUCCESS] - @ 'Client' Updated object with id '3583282e-50cd-49a8-8da2-bbf85e3cbb1a'
[11:58:39] [SUCCESS] - Client data loaded successfully!
[12:05:12] [SUCCESS] - Client data loaded successfully!
[12:05:12] [SUCCESS] - Client data loaded successfully!
[12:05:20] [INFO] - @ 'TransactionHistory' Object saved
[12:05:20] [SUCCESS] - @ 'TransactionHistory' Object with id: 'ea056736-396d-43e6-9c86-82572dba6dea' added.
[12:05:20] [INFO] - @ 'Client' Object saved
[12:05:20] [SUCCESS] - @ 'Client' Updated object with id '3583282e-50cd-49a8-8da2-bbf85e3cbb1a'
[12:05:20] [SUCCESS] - Client data loaded successfully!
[12:05:27] [INFO] - @ 'TransactionHistory' Object saved
[12:05:27] [SUCCESS] - @ 'TransactionHistory' Object with id: '1bd7ec0b-75eb-4883-956c-b594b0179408' added.
[12:05:27] [INFO] - @ 'Client' Object saved
[12:05:27] [SUCCESS] - @ 'Client' Updated object with id '3583282e-50cd-49a8-8da2-bbf85e3cbb1a'
[12:05:27] [SUCCESS] - Client data loaded successfully!
[12:05:36] [INFO] - @ 'TransactionHistory' Object saved
[12:05:36] [SUCCESS] - @ 'TransactionHistory' Object with id: '9c04fd09-ad5b-4e4e-b5c0-f4e5539d1400' added.
[12:05:36] [INFO] - @ 'Client' Object saved
[12:05:36] [SUCCESS] - @ 'Client' Updated object with id '3583282e-50cd-49a8-8da2-bbf85e3cbb1a'
[12:05:36] [SUCCESS] - Client data loaded successfully!
[12:05:37] [INFO] - @ 'TransactionHistory' Object saved
[12:05:37] [SUCCESS] - @ 'TransactionHistory' Object with id: '3b7a69cd-62f3-4873-a30d-2bd0ac234d97' added.
[12:05:37] [INFO] - @ 'Client' Object saved
[12:05:37] [SUCCESS] - @ 'Client' Updated object with id '3583282e-50cd-49a8-8da2-bbf85e3cbb1a'
[12:05:37] [SUCCESS] - Client data loaded successfully!
[12:05:46] [INFO] - @ 'TransactionHistory' Object saved
[12:05:46] [SUCCESS] - @ 'TransactionHistory' Object with id: '74bed605-4c47-4f2d-9d8f-6e7f8539442d' added.
[12:05:46] [INFO] - @ 'Client' Object saved
[12:05:46] [SUCCESS] - @ 'Client' Updated object with id '3583282e-50cd-49a8-8da2-bbf85e3cbb1a'
[12:05:46] [SUCCESS] - Client data loaded successfully!
[12:47:38] [SUCCESS] - Client data loaded successfully!
[12:47:38] [SUCCESS] - Client data loaded successfully!
[12:47:42] [INFO] - @ 'Client' Object saved
[12:47:42] [SUCCESS] - @ 'Client' Object with id: '6752fbb0-0f00-4b83-928f-2d3e70e0d9bc' added.
[12:47:42] [SUCCESS] - Client data loaded successfully!
[12:47:44] [INFO] - @ 'Client' Object saved
[12:47:44] [SUCCESS] - @ 'Client' Updated object with id '6752fbb0-0f00-4b83-928f-2d3e70e0d9bc'
[12:47:44] [SUCCESS] - Client data loaded successfully!
[12:47:46] [INFO] - @ 'Client' Object saved
[12:47:46] [SUCCESS] - @ 'Client' Updated object with id '6752fbb0-0f00-4b83-928f-2d3e70e0d9bc'
[12:47:46] [SUCCESS] - Client data loaded successfully!
[12:47:48] [INFO] - @ 'Client' Object saved
[12:47:48] [SUCCESS] - @ 'Client' Updated object with id '6752fbb0-0f00-4b83-928f-2d3e70e0d9bc'
[12:47:48] [SUCCESS] - Client data loaded successfully!
[12:47:48] [INFO] - @ 'Client' Object saved
[12:47:48] [SUCCESS] - @ 'Client' Updated object with id '6752fbb0-0f00-4b83-928f-2d3e70e0d9bc'
[12:47:48] [SUCCESS] - Client data loaded successfully!
[12:47:49] [INFO] - @ 'Client' Object saved
[12:47:49] [SUCCESS] - @ 'Client' Updated object with id '6752fbb0-0f00-4b83-928f-2d3e70e0d9bc'
[12:47:49] [SUCCESS] - Client data loaded successfully!
[12:47:51] [INFO] - @ 'Client' Object saved
[12:47:51] [SUCCESS] - @ 'Client' Updated object with id '6752fbb0-0f00-4b83-928f-2d3e70e0d9bc'
[12:47:51] [SUCCESS] - Client data loaded successfully!
[12:47:58] [INFO] - @ 'Client' Object saved
[12:47:58] [SUCCESS] - @ 'Client' Updated object with id '6752fbb0-0f00-4b83-928f-2d3e70e0d9bc'
[12:47:58] [SUCCESS] - Client data loaded successfully!
[12:48:03] [INFO] - @ 'TransactionHistory' Object saved
[12:48:03] [SUCCESS] - @ 'TransactionHistory' Object with id: '5e88bfa2-6c2b-4047-b16a-2b4e74973dea' added.
[12:48:03] [INFO] - @ 'Client' Object saved
[12:48:03] [SUCCESS] - @ 'Client' Updated object with id '6752fbb0-0f00-4b83-928f-2d3e70e0d9bc'
[12:48:03] [SUCCESS] - Client data loaded successfully!
[12:48:18] [INFO] - @ 'TransactionHistory' Object saved
[12:48:18] [SUCCESS] - @ 'TransactionHistory' Object with id: '2c9d87a1-5bef-4d1b-af01-ca8c7ca98bc3' added.
[12:48:18] [INFO] - @ 'Client' Object saved
[12:48:18] [SUCCESS] - @ 'Client' Updated object with id '6752fbb0-0f00-4b83-928f-2d3e70e0d9bc'
[12:48:18] [SUCCESS] - Client data loaded successfully!
[12:48:29] [INFO] - @ 'Client' Object saved
[12:48:29] [SUCCESS] - @ 'Client' Removed object with id '6752fbb0-0f00-4b83-928f-2d3e70e0d9bc'
[12:48:29] [SUCCESS] - Client data loaded successfully!
[12:49:51] [SUCCESS] - Client data loaded successfully!
[12:49:51] [SUCCESS] - Client data loaded successfully!
[12:50:31] [SUCCESS] - Client data loaded successfully!
[12:50:31] [SUCCESS] - Client data loaded successfully!
[12:54:23] [SUCCESS] - Client data loaded successfully!
[12:54:23] [SUCCESS] - Client data loaded successfully!
[12:54:29] [INFO] - @ 'Client' Object saved
[12:54:29] [SUCCESS] - @ 'Client' Updated object with id 'fbd70e99-aba3-468e-80fd-c76b6de9d6cd'
[12:54:29] [SUCCESS] - Client data loaded successfully!
[12:55:18] [INFO] - @ 'TransactionHistory' Object saved
[12:55:18] [SUCCESS] - @ 'TransactionHistory' Object with id: 'dadfff91-6a33-4a96-8b97-1790c662a42d' added.
[12:55:18] [INFO] - @ 'Client' Object saved
[12:55:18] [SUCCESS] - @ 'Client' Updated object with id '3583282e-50cd-49a8-8da2-bbf85e3cbb1a'
[12:55:18] [SUCCESS] - Client data loaded successfully!
[12:56:05] [SUCCESS] - Client data loaded successfully!
[12:56:05] [SUCCESS] - Client data loaded successfully!
[12:56:22] [INFO] - @ 'TransactionHistory' Object saved
[12:56:22] [SUCCESS] - @ 'TransactionHistory' Object with id: '0c0ce1f8-8af2-4798-ab42-a3198f569902' added.
[12:56:22] [INFO] - @ 'Client' Object saved
[12:56:22] [SUCCESS] - @ 'Client' Updated object with id '3583282e-50cd-49a8-8da2-bbf85e3cbb1a'
[12:56:22] [INFO] - @ 'Client' Object saved
[12:56:22] [SUCCESS] - @ 'Client' Updated object with id 'fbd70e99-aba3-468e-80fd-c76b6de9d6cd'
[12:56:22] [SUCCESS] - Client data loaded successfully!
[12:56:48] [INFO] - @ 'TransactionHistory' Object saved
[12:56:48] [SUCCESS] - @ 'TransactionHistory' Object with id: 'b4ed8ff9-2f61-475e-8215-793f03b5bb19' added.
[12:56:48] [INFO] - @ 'Client' Object saved
[12:56:48] [SUCCESS] - @ 'Client' Updated object with id '3583282e-50cd-49a8-8da2-bbf85e3cbb1a'
[12:56:48] [INFO] - @ 'Client' Object saved
[12:56:48] [SUCCESS] - @ 'Client' Updated object with id 'fbd70e99-aba3-468e-80fd-c76b6de9d6cd'
[12:56:48] [SUCCESS] - Client data loaded successfully!
[12:57:04] [INFO] - @ 'TransactionHistory' Object saved
[12:57:04] [SUCCESS] - @ 'TransactionHistory' Object with id: 'bc3a11c6-105f-4445-af65-cfb0c55d7302' added.
[12:57:04] [INFO] - @ 'Client' Object saved
[12:57:04] [SUCCESS] - @ 'Client' Updated object with id '3583282e-50cd-49a8-8da2-bbf85e3cbb1a'
[12:57:04] [INFO] - @ 'Client' Object saved
[12:57:04] [SUCCESS] - @ 'Client' Updated object with id 'fbd70e99-aba3-468e-80fd-c76b6de9d6cd'
[12:57:04] [SUCCESS] - Client data loaded successfully!
[12:57:36] [SUCCESS] - Client data loaded successfully!
[12:57:36] [SUCCESS] - Client data loaded successfully!
[12:57:51] [INFO] - @ 'TransactionHistory' Object saved
[12:57:51] [SUCCESS] - @ 'TransactionHistory' Object with id: '42acccec-adab-4c44-8d9e-3a8a4e0dff08' added.
[12:57:51] [INFO] - @ 'Client' Object saved
[12:57:51] [SUCCESS] - @ 'Client' Updated object with id '3583282e-50cd-49a8-8da2-bbf85e3cbb1a'
[12:57:51] [SUCCESS] - Client data loaded successfully!
[12:57:56] [INFO] - @ 'Client' Object saved
[12:57:56] [SUCCESS] - @ 'Client' Updated object with id '3583282e-50cd-49a8-8da2-bbf85e3cbb1a'
[12:57:56] [SUCCESS] - Client data loaded successfully!
[12:58:10] [INFO] - @ 'Client' Object saved
[12:58:10] [SUCCESS] - @ 'Client' Updated object with id '3583282e-50cd-49a8-8da2-bbf85e3cbb1a'
[12:58:10] [SUCCESS] - Client data loaded successfully!
[12:58:32] [SUCCESS] - Client data loaded successfully!
[12:58:32] [SUCCESS] - Client data loaded successfully!
[12:59:03] [INFO] - @ 'TransactionHistory' Object saved
[12:59:03] [SUCCESS] - @ 'TransactionHistory' Object with id: '449258fe-894a-4ee2-b67d-d9849fa66850' added.
[12:59:03] [INFO] - @ 'Client' Object saved
[12:59:03] [SUCCESS] - @ 'Client' Updated object with id '3583282e-50cd-49a8-8da2-bbf85e3cbb1a'
[12:59:03] [SUCCESS] - Client data loaded successfully!
[12:59:07] [INFO] - @ 'TransactionHistory' Object saved
[12:59:07] [SUCCESS] - @ 'TransactionHistory' Object with id: '1f8b2566-d151-42d3-823e-1df8768caa7a' added.
[12:59:07] [INFO] - @ 'Client' Object saved
[12:59:07] [SUCCESS] - @ 'Client' Updated object with id '3583282e-50cd-49a8-8da2-bbf85e3cbb1a'
[12:59:07] [SUCCESS] - Client data loaded successfully!
[12:59:15] [INFO] - @ 'TransactionHistory' Object saved
[12:59:15] [SUCCESS] - @ 'TransactionHistory' Object with id: '6cdb5afc-5fb4-45b0-ae45-c530af8a5129' added.
[12:59:15] [INFO] - @ 'Client' Object saved
[12:59:15] [SUCCESS] - @ 'Client' Updated object with id '3583282e-50cd-49a8-8da2-bbf85e3cbb1a'
[12:59:15] [SUCCESS] - Client data loaded successfully!
[12:59:29] [INFO] - @ 'TransactionHistory' Object saved
[12:59:29] [SUCCESS] - @ 'TransactionHistory' Object with id: '53d4809f-5127-4d2b-b2ca-932c44536524' added.
[12:59:29] [INFO] - @ 'Client' Object saved
[12:59:29] [SUCCESS] - @ 'Client' Updated object with id '3583282e-50cd-49a8-8da2-bbf85e3cbb1a'
[12:59:29] [SUCCESS] - Client data loaded successfully!
[12:59:31] [INFO] - @ 'TransactionHistory' Object saved
[12:59:31] [SUCCESS] - @ 'TransactionHistory' Object with id: '5cb2f48b-7034-463f-aa6f-867c30ade2b6' added.
[12:59:31] [INFO] - @ 'Client' Object saved
[12:59:31] [SUCCESS] - @ 'Client' Updated object with id '3583282e-50cd-49a8-8da2-bbf85e3cbb1a'
[12:59:31] [SUCCESS] - Client data loaded successfully!
[12:59:35] [INFO] - @ 'TransactionHistory' Object saved
[12:59:35] [SUCCESS] - @ 'TransactionHistory' Object with id: 'f7e97892-b9f8-4fe7-a360-4834ed70c560' added.
[12:59:35] [INFO] - @ 'Client' Object saved
[12:59:35] [SUCCESS] - @ 'Client' Updated object with id '3583282e-50cd-49a8-8da2-bbf85e3cbb1a'
[12:59:35] [SUCCESS] - Client data loaded successfully!
[13:01:24] [SUCCESS] - Client data loaded successfully!
[13:01:24] [SUCCESS] - Client data loaded successfully!
[13:01:32] [INFO] - @ 'TransactionHistory' Object saved
[13:01:32] [SUCCESS] - @ 'TransactionHistory' Object with id: '23654274-26a4-4a20-831d-13b15b2f985f' added.
[13:01:32] [INFO] - @ 'Client' Object saved
[13:01:32] [SUCCESS] - @ 'Client' Updated object with id '3583282e-50cd-49a8-8da2-bbf85e3cbb1a'
[13:01:32] [SUCCESS] - Client data loaded successfully!
[13:01:35] [INFO] - @ 'TransactionHistory' Object saved
[13:01:35] [SUCCESS] - @ 'TransactionHistory' Object with id: '1fdc52bc-7c5f-4209-bf46-8ab2946024b8' added.
[13:01:35] [INFO] - @ 'Client' Object saved
[13:01:35] [SUCCESS] - @ 'Client' Updated object with id '3583282e-50cd-49a8-8da2-bbf85e3cbb1a'
[13:01:35] [SUCCESS] - Client data loaded successfully!
[13:02:32] [SUCCESS] - Client data loaded successfully!
[13:02:32] [SUCCESS] - Client data loaded successfully!
[13:02:37] [INFO] - @ 'TransactionHistory' Object saved
[13:02:37] [SUCCESS] - @ 'TransactionHistory' Object with id: '37c15564-6fc6-45f6-b34f-1335213e1a40' added.
[13:02:37] [INFO] - @ 'Client' Object saved
[13:02:37] [SUCCESS] - @ 'Client' Updated object with id '3583282e-50cd-49a8-8da2-bbf85e3cbb1a'
[13:02:37] [SUCCESS] - Client data loaded successfully!
[13:02:56] [SUCCESS] - Client data loaded successfully!
[13:02:56] [SUCCESS] - Client data loaded successfully!
[13:03:01] [INFO] - @ 'TransactionHistory' Object saved
[13:03:01] [SUCCESS] - @ 'TransactionHistory' Object with id: 'f61e0011-a2b1-457c-a212-281e17fd75fc' added.
[13:03:01] [INFO] - @ 'Client' Object saved
[13:03:01] [SUCCESS] - @ 'Client' Updated object with id '3583282e-50cd-49a8-8da2-bbf85e3cbb1a'
[13:03:01] [SUCCESS] - Client data loaded successfully!
[13:03:04] [INFO] - @ 'TransactionHistory' Object saved
[13:03:04] [SUCCESS] - @ 'TransactionHistory' Object with id: 'cbe3a89f-a776-4a61-84a6-4b7b70c81c4c' added.
[13:03:04] [INFO] - @ 'Client' Object saved
[13:03:04] [SUCCESS] - @ 'Client' Updated object with id '3583282e-50cd-49a8-8da2-bbf85e3cbb1a'
[13:03:04] [SUCCESS] - Client data loaded successfully!
[13:03:07] [INFO] - @ 'TransactionHistory' Object saved
[13:03:07] [SUCCESS] - @ 'TransactionHistory' Object with id: 'd28963d6-6d9d-4b17-ae62-3b42a461003f' added.
[13:03:07] [INFO] - @ 'Client' Object saved
[13:03:07] [SUCCESS] - @ 'Client' Updated object with id '3583282e-50cd-49a8-8da2-bbf85e3cbb1a'
[13:03:07] [SUCCESS] - Client data loaded successfully!
[13:05:58] [SUCCESS] - Client data loaded successfully!
[13:05:58] [SUCCESS] - Client data loaded successfully!
[13:06:04] [INFO] - @ 'TransactionHistory' Object saved
[13:06:04] [SUCCESS] - @ 'TransactionHistory' Object with id: '65d922b2-f012-400a-8332-e26800479005' added.
[13:06:04] [INFO] - @ 'Client' Object saved
[13:06:04] [SUCCESS] - @ 'Client' Updated object with id '3583282e-50cd-49a8-8da2-bbf85e3cbb1a'
[13:06:05] [SUCCESS] - Client data loaded successfully!
[13:06:06] [INFO] - @ 'TransactionHistory' Object saved
[13:06:06] [SUCCESS] - @ 'TransactionHistory' Object with id: '71257b54-c3dd-4ad9-9e4e-c90ec75e885f' added.
[13:06:06] [INFO] - @ 'Client' Object saved
[13:06:06] [SUCCESS] - @ 'Client' Updated object with id '3583282e-50cd-49a8-8da2-bbf85e3cbb1a'
[13:06:07] [SUCCESS] - Client data loaded successfully!
[13:06:08] [INFO] - @ 'TransactionHistory' Object saved
[13:06:08] [SUCCESS] - @ 'TransactionHistory' Object with id: 'cdde9ceb-833f-4174-9b5c-acb56d71e68a' added.
[13:06:08] [INFO] - @ 'Client' Object saved
[13:06:08] [SUCCESS] - @ 'Client' Updated object with id '3583282e-50cd-49a8-8da2-bbf85e3cbb1a'
[13:06:08] [SUCCESS] - Client data loaded successfully!
[13:07:04] [SUCCESS] - Client data loaded successfully!
[13:07:04] [SUCCESS] - Client data loaded successfully!
[13:07:12] [INFO] - @ 'TransactionHistory' Object saved
[13:07:12] [SUCCESS] - @ 'TransactionHistory' Object with id: 'cd66c49f-b34f-4f35-a6e9-c35ff354635e' added.
[13:07:12] [INFO] - @ 'Client' Object saved
[13:07:12] [SUCCESS] - @ 'Client' Updated object with id '3583282e-50cd-49a8-8da2-bbf85e3cbb1a'
[13:07:12] [SUCCESS] - Client data loaded successfully!
[13:07:19] [INFO] - @ 'TransactionHistory' Object saved
[13:07:19] [SUCCESS] - @ 'TransactionHistory' Object with id: '3069773c-cea5-499d-8e4c-f607da74b885' added.
[13:07:19] [INFO] - @ 'Client' Object saved
[13:07:19] [SUCCESS] - @ 'Client' Updated object with id '3583282e-50cd-49a8-8da2-bbf85e3cbb1a'
[13:07:19] [SUCCESS] - Client data loaded successfully!
[13:07:43] [INFO] - @ 'TransactionHistory' Object saved
[13:07:43] [SUCCESS] - @ 'TransactionHistory' Object with id: '3324aab1-4b96-45b6-8a10-b8c11ae7b938' added.
[13:07:43] [INFO] - @ 'Client' Object saved
[13:07:43] [SUCCESS] - @ 'Client' Updated object with id '3583282e-50cd-49a8-8da2-bbf85e3cbb1a'
[13:07:43] [INFO] - @ 'Client' Object saved
[13:07:43] [SUCCESS] - @ 'Client' Updated object with id 'fbd70e99-aba3-468e-80fd-c76b6de9d6cd'
[13:07:43] [SUCCESS] - Client data loaded successfully!
[13:10:33] [SUCCESS] - Client data loaded successfully!
[13:10:33] [SUCCESS] - Client data loaded successfully!
[13:10:44] [INFO] - @ 'TransactionHistory' Object saved
[13:10:44] [SUCCESS] - @ 'TransactionHistory' Object with id: '5b2a84a6-43b4-4a3e-8c0f-61b5ef69bbb7' added.
[13:10:44] [INFO] - @ 'Client' Object saved
[13:10:44] [SUCCESS] - @ 'Client' Updated object with id '3583282e-50cd-49a8-8da2-bbf85e3cbb1a'
[13:10:44] [SUCCESS] - Client data loaded successfully!
[13:10:58] [INFO] - @ 'TransactionHistory' Object saved
[13:10:58] [SUCCESS] - @ 'TransactionHistory' Object with id: '5daf98cd-7a36-4dc5-8ffc-c6ff512870b4' added.
[13:10:58] [INFO] - @ 'Client' Object saved
[13:10:58] [SUCCESS] - @ 'Client' Updated object with id '3583282e-50cd-49a8-8da2-bbf85e3cbb1a'
[13:10:58] [INFO] - @ 'Client' Object saved
[13:10:58] [SUCCESS] - @ 'Client' Updated object with id 'fbd70e99-aba3-468e-80fd-c76b6de9d6cd'
[13:10:58] [SUCCESS] - Client data loaded successfully!
[13:11:05] [INFO] - @ 'TransactionHistory' Object saved
[13:11:05] [SUCCESS] - @ 'TransactionHistory' Object with id: 'c6404884-1f69-4459-924b-1ed28dd7760f' added.
[13:11:05] [INFO] - @ 'Client' Object saved
[13:11:05] [SUCCESS] - @ 'Client' Updated object with id '3583282e-50cd-49a8-8da2-bbf85e3cbb1a'
[13:11:05] [INFO] - @ 'Client' Object saved
[13:11:05] [SUCCESS] - @ 'Client' Updated object with id 'fbd70e99-aba3-468e-80fd-c76b6de9d6cd'
[13:11:05] [SUCCESS] - Client data loaded successfully!
[13:14:33] [SUCCESS] - Client data loaded successfully!
[13:14:33] [SUCCESS] - Client data loaded successfully!
[13:15:15] [SUCCESS] - Client data loaded successfully!
[13:15:15] [SUCCESS] - Client data loaded successfully!
[13:17:36] [SUCCESS] - Client data loaded successfully!
[13:17:36] [SUCCESS] - Client data loaded successfully!
[13:17:48] [INFO] - @ 'TransactionHistory' Object saved
[13:17:48] [SUCCESS] - @ 'TransactionHistory' Object with id: '88714f04-ea2c-400f-8e31-0e580431c222' added.
[13:17:48] [INFO] - @ 'Client' Object saved
[13:17:48] [SUCCESS] - @ 'Client' Updated object with id '3583282e-50cd-49a8-8da2-bbf85e3cbb1a'
[13:17:48] [INFO] - @ 'Client' Object saved
[13:17:48] [SUCCESS] - @ 'Client' Updated object with id '3583282e-50cd-49a8-8da2-bbf85e3cbb1a'
[13:17:48] [SUCCESS] - Client data loaded successfully!
[13:18:23] [SUCCESS] - Client data loaded successfully!
[13:18:23] [SUCCESS] - Client data loaded successfully!
[13:18:44] [INFO] - @ 'TransactionHistory' Object saved
[13:18:44] [SUCCESS] - @ 'TransactionHistory' Object with id: '8f3f88d3-bbec-43c1-9e5b-24b2382d5fef' added.
[13:18:44] [INFO] - @ 'Client' Object saved
[13:18:44] [SUCCESS] - @ 'Client' Updated object with id '3583282e-50cd-49a8-8da2-bbf85e3cbb1a'
[13:18:44] [INFO] - @ 'Client' Object saved
[13:18:44] [SUCCESS] - @ 'Client' Updated object with id '3583282e-50cd-49a8-8da2-bbf85e3cbb1a'
[13:18:44] [SUCCESS] - Client data loaded successfully!
[13:23:19] [SUCCESS] - Client data loaded successfully!
[13:23:19] [SUCCESS] - Client data loaded successfully!
[13:24:06] [SUCCESS] - Client data loaded successfully!
[13:24:06] [SUCCESS] - Client data loaded successfully!
[13:24:14] [INFO] - @ 'Client' Object saved
[13:24:14] [SUCCESS] - @ 'Client' Updated object with id '3583282e-50cd-49a8-8da2-bbf85e3cbb1a'
[13:24:14] [SUCCESS] - Client data loaded successfully!
[13:24:25] [INFO] - @ 'TransactionHistory' Object saved
[13:24:25] [SUCCESS] - @ 'TransactionHistory' Object with id: '469c126a-6c2e-497e-9fc5-f863d72effb9' added.
[13:24:25] [INFO] - @ 'Client' Object saved
[13:24:25] [SUCCESS] - @ 'Client' Updated object with id '3583282e-50cd-49a8-8da2-bbf85e3cbb1a'
[13:24:25] [INFO] - @ 'Client' Object saved
[13:24:25] [SUCCESS] - @ 'Client' Updated object with id '3583282e-50cd-49a8-8da2-bbf85e3cbb1a'
[13:24:25] [SUCCESS] - Client data loaded successfully!
[13:25:02] [SUCCESS] - Client data loaded successfully!
[13:25:02] [SUCCESS] - Client data loaded successfully!
[13:25:14] [INFO] - @ 'TransactionHistory' Object saved
[13:25:14] [SUCCESS] - @ 'TransactionHistory' Object with id: '4d3191df-3e44-4d77-aa81-7c1fae1857a7' added.
[13:25:14] [INFO] - @ 'Client' Object saved
[13:25:14] [SUCCESS] - @ 'Client' Updated object with id '3583282e-50cd-49a8-8da2-bbf85e3cbb1a'
[13:25:14] [INFO] - @ 'Client' Object saved
[13:25:14] [SUCCESS] - @ 'Client' Updated object with id '3583282e-50cd-49a8-8da2-bbf85e3cbb1a'
[13:25:14] [SUCCESS] - Client data loaded successfully!
[13:25:31] [INFO] - @ 'TransactionHistory' Object saved
[13:25:31] [SUCCESS] - @ 'TransactionHistory' Object with id: '4e19e178-cb1d-4766-b981-289862f4589e' added.
[13:25:31] [INFO] - @ 'Client' Object saved
[13:25:31] [SUCCESS] - @ 'Client' Updated object with id '3583282e-50cd-49a8-8da2-bbf85e3cbb1a'
[13:25:31] [INFO] - @ 'Client' Object saved
[13:25:31] [SUCCESS] - @ 'Client' Updated object with id '3583282e-50cd-49a8-8da2-bbf85e3cbb1a'
[13:25:31] [SUCCESS] - Client data loaded successfully!
[13:26:45] [INFO] - @ 'TransactionHistory' Object saved
[13:26:45] [SUCCESS] - @ 'TransactionHistory' Object with id: 'b8a9208d-5f9c-4eb2-9978-664cbf656394' added.
[13:26:45] [INFO] - @ 'Client' Object saved
[13:26:45] [SUCCESS] - @ 'Client' Updated object with id '3583282e-50cd-49a8-8da2-bbf85e3cbb1a'
[13:26:45] [INFO] - @ 'Client' Object saved
[13:26:45] [SUCCESS] - @ 'Client' Updated object with id '3583282e-50cd-49a8-8da2-bbf85e3cbb1a'
[13:26:45] [SUCCESS] - Client data loaded successfully!
[13:30:04] [SUCCESS] - Client data loaded successfully!
[13:30:04] [SUCCESS] - Client data loaded successfully!
[13:30:15] [INFO] - @ 'TransactionHistory' Object saved
[13:30:15] [SUCCESS] - @ 'TransactionHistory' Object with id: 'dab97ba0-e38b-465e-9626-0106436abcfa' added.
[13:30:15] [INFO] - @ 'Client' Object saved
[13:30:15] [SUCCESS] - @ 'Client' Updated object with id '3583282e-50cd-49a8-8da2-bbf85e3cbb1a'
[13:30:15] [INFO] - @ 'Client' Object saved
[13:30:15] [SUCCESS] - @ 'Client' Updated object with id '3583282e-50cd-49a8-8da2-bbf85e3cbb1a'
[13:30:15] [SUCCESS] - Client data loaded successfully!
[13:31:05] [SUCCESS] - Client data loaded successfully!
[13:31:05] [SUCCESS] - Client data loaded successfully!
[13:31:15] [INFO] - @ 'TransactionHistory' Object saved
[13:31:15] [SUCCESS] - @ 'TransactionHistory' Object with id: '7e9fc159-5a2b-4c0c-8126-b79647717cc4' added.
[13:31:15] [INFO] - @ 'Client' Object saved
[13:31:15] [SUCCESS] - @ 'Client' Updated object with id '3583282e-50cd-49a8-8da2-bbf85e3cbb1a'
[13:31:15] [FATAL] - @ 'Client' IOException | ClassNotFoundException: null
[13:31:15] [INFO] - @ 'Client' Object saved
[13:31:15] [SUCCESS] - Client data loaded successfully!
[13:31:15] [SUCCESS] - @ 'Client' Updated object with id '3583282e-50cd-49a8-8da2-bbf85e3cbb1a'
[13:31:15] [SUCCESS] - Client data loaded successfully!
[13:32:19] [SUCCESS] - Client data loaded successfully!
[13:32:19] [SUCCESS] - Client data loaded successfully!
[13:32:26] [INFO] - @ 'TransactionHistory' Object saved
[13:32:26] [SUCCESS] - @ 'TransactionHistory' Object with id: '45d43757-6ef8-4e21-871b-17c7d783a8ba' added.
[13:32:26] [INFO] - @ 'Client' Object saved
[13:32:26] [SUCCESS] - @ 'Client' Updated object with id '3583282e-50cd-49a8-8da2-bbf85e3cbb1a'
[13:32:26] [INFO] - @ 'Client' Object saved
[13:32:26] [SUCCESS] - @ 'Client' Updated object with id '3583282e-50cd-49a8-8da2-bbf85e3cbb1a'
[13:32:26] [SUCCESS] - Client data loaded successfully!
[13:36:38] [SUCCESS] - Client data loaded successfully!
[13:36:38] [SUCCESS] - Client data loaded successfully!
