[23:28:45] [FATAL] - @ 'Client' File not found: data/Client.dat (No such file or directory)
[23:28:45] [INFO] - @ 'Client' Object saved
[23:28:45] [SUCCESS] - @ 'Client' Object with id: 'eeef0102-55cb-4286-88d7-006a07ac819f' added.
[23:28:45] [INFO] - @ 'Client' Object saved
[23:28:45] [SUCCESS] - @ 'Client' Object with id: 'e6137025-5221-4e3c-88d4-d4c1c01d8b5b' added.
[23:28:55] [INFO] - @ 'Client' Object saved
[23:28:55] [SUCCESS] - @ 'Client' Object with id: '7e4f40ea-9a8c-4363-8a52-35f24b6fdb85' added.
[23:28:55] [INFO] - @ 'Client' Object saved
[23:28:55] [SUCCESS] - @ 'Client' Object with id: '3b33ef8b-30a9-42bb-9985-60d70684bf89' added.
[23:29:03] [INFO] - @ 'Client' Object saved
[23:29:03] [SUCCESS] - @ 'Client' Object with id: 'be0a30ca-e9b0-4cb3-a18f-7775c5739ac1' added.
[23:29:03] [INFO] - @ 'Client' Object saved
[23:29:03] [SUCCESS] - @ 'Client' Object with id: '6a019953-a709-4cf2-a5cc-2b11341a0701' added.
[23:34:45] [FATAL] - @ 'Client' File not found: data/Client.dat (No such file or directory)
[23:34:45] [FATAL] - @ 'Client' IOException: mateourrutia.utils.Listed
[23:34:45] [SUCCESS] - @ 'Client' Object with id: '389aaca5-edde-4488-a767-77c959f8e351' added.
[23:34:45] [FATAL] - @ 'Client' IOException | ClassNotFoundException: writing aborted; java.io.NotSerializableException: mateourrutia.utils.Listed
[23:34:45] [FATAL] - @ 'Client' IOException | ClassNotFoundException: writing aborted; java.io.NotSerializableException: mateourrutia.utils.Listed
[23:35:11] [FATAL] - @ 'Client' File not found: data/Client.dat (No such file or directory)
[23:35:11] [INFO] - @ 'Client' Object saved
[23:35:11] [SUCCESS] - @ 'Client' Object with id: '62260918-5988-4e36-a94b-db09442b3f54' added.
[23:37:04] [INFO] - @ 'Client' Object saved
[23:37:04] [SUCCESS] - @ 'Client' Object with id: '48a0388a-2067-49b8-8eab-4675801640f3' added.
[23:38:23] [INFO] - @ 'Client' Object saved
[23:38:23] [SUCCESS] - @ 'Client' Object with id: '9d21b1c9-b4d8-4cdd-8ae1-6e27f2ce18df' added.
[23:38:55] [INFO] - @ 'Client' Object saved
[23:38:55] [SUCCESS] - @ 'Client' Object with id: 'bfb103c7-b18b-4f2d-96d3-834745af0615' added.
[23:39:38] [INFO] - @ 'Client' Object saved
[23:39:38] [SUCCESS] - @ 'Client' Object with id: '907d29ca-90a6-4a4d-a9ca-fbe237f644dc' added.
[23:41:16] [INFO] - @ 'Client' Object saved
[23:41:16] [SUCCESS] - @ 'Client' Object with id: '5a8c1345-e651-413a-971c-e40d3460a6b7' added.
[23:41:56] [INFO] - @ 'Client' Object saved
[23:41:56] [SUCCESS] - @ 'Client' Object with id: 'af7740eb-614c-4a58-9bea-c2506c76e2ba' added.
[23:43:40] [INFO] - @ 'Client' Object saved
[23:43:40] [SUCCESS] - @ 'Client' Object with id: 'df077be1-efc2-496b-b103-f6b048c95200' added.
